2023-05-10 11:05:00,372 - INFO - Program started
2023-05-10 11:05:02,987 - INFO - Selected ticker: DOGE-USD
2023-05-10 11:05:02,987 - INFO - Selected ticker image URL: selected_ticker_image.png
2023-05-10 11:05:02,989 - INFO - Collecting crypto data from online resources...
2023-05-10 11:05:02,989 - INFO - Retrieving historical data for DOGE-USD
2023-05-10 11:05:02,990 - INFO - Retrieved data for {config.selected_ticker}
2023-05-10 11:05:03,243 - INFO - Retrieved historical data for {config.selected_ticker}
2023-05-10 11:05:03,245 - INFO - Filtered data for {config.selected_ticker}
2023-05-10 11:05:03,274 - INFO - Performing data analysis
2023-05-10 11:05:03,285 - INFO - Collecting news articles from online resources...
2023-05-10 11:05:04,169 - INFO - Performing sentiment analysis
2023-05-10 11:05:04,354 - ERROR - Error getting news sentiment score: argument of type 'NoneType' is not iterable
2023-05-10 11:05:04,354 - INFO - News sentiment score for DOGE-USD is 0
2023-05-10 11:05:04,355 - INFO - Visualizing data
2023-05-10 11:05:12,293 - INFO - Training machine learning models
2023-05-10 11:11:35,693 - ERROR - An error occurred: Unknown label type: 'continuous'
Traceback (most recent call last):
  File "c:\Users\User\Documents\GitHub\CryptoSnake\CryptoSnake\main.py", line 166, in main
    pipeline.fit(X_train, y_train)
  File "c:\Users\User\Documents\GitHub\CryptoSnake\CryptoSnake\.venv\lib\site-packages\sklearn\pipeline.py", line 405, in fit
    self._final_estimator.fit(Xt, y, **fit_params_last_step)
  File "c:\Users\User\Documents\GitHub\CryptoSnake\CryptoSnake\.venv\lib\site-packages\sklearn\linear_model\_logistic.py", line 1204, in fit
    check_classification_targets(y)
  File "c:\Users\User\Documents\GitHub\CryptoSnake\CryptoSnake\.venv\lib\site-packages\sklearn\utils\multiclass.py", line 218, in check_classification_targets
    raise ValueError("Unknown label type: %r" % y_type)
ValueError: Unknown label type: 'continuous'
2023-05-10 11:15:17,003 - INFO - Program started
2023-05-10 11:15:27,177 - INFO - Selected ticker: SHIB-USD
2023-05-10 11:15:27,177 - INFO - Selected ticker image URL: selected_ticker_image.png
2023-05-10 11:15:27,179 - INFO - Collecting crypto data from online resources...
2023-05-10 11:15:27,179 - INFO - Retrieving historical data for SHIB-USD
2023-05-10 11:15:27,180 - INFO - Retrieved data for {config.selected_ticker}
2023-05-10 11:15:27,392 - INFO - Retrieved historical data for {config.selected_ticker}
2023-05-10 11:15:27,395 - INFO - Filtered data for {config.selected_ticker}
2023-05-10 11:15:27,424 - INFO - Performing data analysis
2023-05-10 11:15:27,435 - INFO - Collecting news articles from online resources...
2023-05-10 11:15:28,452 - INFO - Performing sentiment analysis
2023-05-10 11:15:28,452 - ERROR - Error getting news sentiment score: argument of type 'NoneType' is not iterable
2023-05-10 11:15:28,452 - INFO - News sentiment score for SHIB-USD is 0
2023-05-10 11:15:28,453 - INFO - Visualizing data
2023-05-10 11:15:30,764 - INFO - Training machine learning models
2023-05-10 11:16:33,297 - ERROR - An error occurred: Unknown label type: 'continuous'
Traceback (most recent call last):
  File "c:\Users\User\Documents\GitHub\CryptoSnake\CryptoSnake\main.py", line 166, in main
    pipeline.fit(X_train, y_train)
  File "c:\Users\User\Documents\GitHub\CryptoSnake\CryptoSnake\.venv\lib\site-packages\sklearn\pipeline.py", line 405, in fit
    self._final_estimator.fit(Xt, y, **fit_params_last_step)
  File "c:\Users\User\Documents\GitHub\CryptoSnake\CryptoSnake\.venv\lib\site-packages\sklearn\linear_model\_logistic.py", line 1204, in fit
    check_classification_targets(y)
  File "c:\Users\User\Documents\GitHub\CryptoSnake\CryptoSnake\.venv\lib\site-packages\sklearn\utils\multiclass.py", line 218, in check_classification_targets
    raise ValueError("Unknown label type: %r" % y_type)
ValueError: Unknown label type: 'continuous'
2023-05-10 11:24:18,206 - INFO - Program started
2023-05-10 11:24:20,423 - INFO - Selected ticker: DOGE-USD
2023-05-10 11:24:20,423 - INFO - Selected ticker image URL: selected_ticker_image.png
2023-05-10 11:24:20,425 - INFO - Collecting crypto data from online resources...
2023-05-10 11:24:20,426 - INFO - Retrieving historical data for DOGE-USD
2023-05-10 11:24:20,426 - INFO - Retrieved data for {config.selected_ticker}
2023-05-10 11:24:20,691 - INFO - Retrieved historical data for {config.selected_ticker}
2023-05-10 11:24:20,693 - INFO - Filtered data for {config.selected_ticker}
2023-05-10 11:24:20,720 - INFO - Performing data analysis
2023-05-10 11:24:20,729 - INFO - Collecting news articles from online resources...
2023-05-10 11:24:21,492 - INFO - Performing sentiment analysis
2023-05-10 11:24:21,696 - ERROR - Error getting news sentiment score: argument of type 'NoneType' is not iterable
2023-05-10 11:24:21,697 - INFO - News sentiment score for DOGE-USD is 0
2023-05-10 11:24:21,697 - INFO - Visualizing data
2023-05-10 11:24:25,967 - INFO - Training machine learning models
2023-05-10 11:38:06,081 - ERROR - An error occurred: Unknown label type: 'continuous'
Traceback (most recent call last):
  File "c:\Users\User\Documents\GitHub\CryptoSnake\CryptoSnake\main.py", line 166, in main
    pipeline.fit(X_train, y_train)
  File "c:\Users\User\Documents\GitHub\CryptoSnake\CryptoSnake\.venv\lib\site-packages\sklearn\pipeline.py", line 405, in fit
    self._final_estimator.fit(Xt, y, **fit_params_last_step)
  File "c:\Users\User\Documents\GitHub\CryptoSnake\CryptoSnake\.venv\lib\site-packages\sklearn\linear_model\_logistic.py", line 1204, in fit
    check_classification_targets(y)
  File "c:\Users\User\Documents\GitHub\CryptoSnake\CryptoSnake\.venv\lib\site-packages\sklearn\utils\multiclass.py", line 218, in check_classification_targets
    raise ValueError("Unknown label type: %r" % y_type)
ValueError: Unknown label type: 'continuous'
2023-05-10 11:41:53,512 - INFO - Program started
2023-05-10 11:41:59,416 - INFO - Selected ticker: SHIB-USD
2023-05-10 11:41:59,416 - INFO - Selected ticker image URL: selected_ticker_image.png
2023-05-10 11:41:59,417 - INFO - Collecting crypto data from online resources...
2023-05-10 11:41:59,418 - INFO - Retrieving historical data for SHIB-USD
2023-05-10 11:41:59,420 - INFO - Retrieved data for {config.selected_ticker}
2023-05-10 11:41:59,613 - INFO - Retrieved historical data for {config.selected_ticker}
2023-05-10 11:41:59,614 - INFO - Filtered data for {config.selected_ticker}
2023-05-10 11:41:59,641 - INFO - Performing data analysis
2023-05-10 11:41:59,653 - INFO - Collecting news articles from online resources...
2023-05-10 11:42:00,434 - INFO - Performing sentiment analysis
2023-05-10 11:42:00,435 - ERROR - Error getting news sentiment score: argument of type 'NoneType' is not iterable
2023-05-10 11:42:00,435 - INFO - News sentiment score for SHIB-USD is 0
2023-05-10 11:42:00,435 - INFO - Visualizing data
2023-05-10 11:42:03,150 - INFO - Training machine learning models
2023-05-10 11:49:59,342 - ERROR - An error occurred: Unknown label type: 'continuous'
Traceback (most recent call last):
  File "c:\Users\User\Documents\GitHub\CryptoSnake\CryptoSnake\main.py", line 166, in main
    pipeline.fit(X_train, y_train)
  File "c:\Users\User\Documents\GitHub\CryptoSnake\CryptoSnake\.venv\lib\site-packages\sklearn\pipeline.py", line 405, in fit
    self._final_estimator.fit(Xt, y, **fit_params_last_step)
  File "c:\Users\User\Documents\GitHub\CryptoSnake\CryptoSnake\.venv\lib\site-packages\sklearn\linear_model\_logistic.py", line 1204, in fit
    check_classification_targets(y)
  File "c:\Users\User\Documents\GitHub\CryptoSnake\CryptoSnake\.venv\lib\site-packages\sklearn\utils\multiclass.py", line 218, in check_classification_targets
    raise ValueError("Unknown label type: %r" % y_type)
ValueError: Unknown label type: 'continuous'
2023-05-10 11:57:43,843 - INFO - Program started
2023-05-10 11:57:46,815 - INFO - Selected ticker: SHIB-USD
2023-05-10 11:57:46,815 - INFO - Selected ticker image URL: selected_ticker_image.png
2023-05-10 11:57:46,816 - INFO - Collecting crypto data from online resources...
2023-05-10 11:57:46,817 - INFO - Retrieving historical data for SHIB-USD
2023-05-10 11:57:46,818 - INFO - Retrieved data for {config.selected_ticker}
2023-05-10 11:57:47,045 - INFO - Retrieved historical data for {config.selected_ticker}
2023-05-10 11:57:47,047 - INFO - Filtered data for {config.selected_ticker}
2023-05-10 11:57:47,074 - INFO - Performing data analysis
2023-05-10 11:57:47,082 - INFO - Collecting news articles from online resources...
2023-05-10 11:57:48,010 - INFO - Performing sentiment analysis
2023-05-10 11:57:48,010 - ERROR - Error getting news sentiment score: argument of type 'NoneType' is not iterable
2023-05-10 11:57:48,011 - INFO - News sentiment score for SHIB-USD is 0
2023-05-10 11:57:48,011 - INFO - Visualizing data
2023-05-10 11:57:50,476 - INFO - Training machine learning models
2023-05-10 12:06:12,283 - ERROR - An error occurred: Unknown label type: 'continuous'
Traceback (most recent call last):
  File "c:\Users\User\Documents\GitHub\CryptoSnake\CryptoSnake\main.py", line 166, in main
    pipeline.fit(X_train, y_train)
  File "c:\Users\User\Documents\GitHub\CryptoSnake\CryptoSnake\.venv\lib\site-packages\sklearn\pipeline.py", line 405, in fit
    self._final_estimator.fit(Xt, y, **fit_params_last_step)
  File "c:\Users\User\Documents\GitHub\CryptoSnake\CryptoSnake\.venv\lib\site-packages\sklearn\linear_model\_logistic.py", line 1204, in fit
    check_classification_targets(y)
  File "c:\Users\User\Documents\GitHub\CryptoSnake\CryptoSnake\.venv\lib\site-packages\sklearn\utils\multiclass.py", line 218, in check_classification_targets
    raise ValueError("Unknown label type: %r" % y_type)
ValueError: Unknown label type: 'continuous'
2023-05-10 12:10:27,295 - INFO - Program started
2023-05-10 13:37:32,367 - INFO - Selected ticker: SHIB-USD
2023-05-10 13:37:32,367 - INFO - Selected ticker image URL: selected_ticker_image.png
2023-05-10 13:37:32,369 - INFO - Collecting crypto data from online resources...
2023-05-10 13:37:32,369 - INFO - Retrieving historical data for SHIB-USD
2023-05-10 13:37:32,370 - INFO - Retrieved data for {config.selected_ticker}
2023-05-10 13:37:32,557 - INFO - Retrieved historical data for {config.selected_ticker}
2023-05-10 13:37:32,558 - INFO - Filtered data for {config.selected_ticker}
2023-05-10 13:37:32,583 - INFO - Performing data analysis
2023-05-10 13:37:32,591 - INFO - Collecting news articles from online resources...
2023-05-10 13:37:33,845 - INFO - Performing sentiment analysis
2023-05-10 13:37:33,845 - ERROR - Error getting news sentiment score: argument of type 'NoneType' is not iterable
2023-05-10 13:37:33,845 - INFO - News sentiment score for SHIB-USD is 0
2023-05-10 13:37:33,845 - INFO - Visualizing data
2023-05-10 13:37:36,175 - INFO - Training machine learning models
2023-05-10 13:44:39,712 - INFO - Program started
2023-05-10 13:44:53,813 - INFO - Selected ticker: SHIB-USD
2023-05-10 13:44:53,813 - INFO - Selected ticker image URL: selected_ticker_image.png
2023-05-10 13:44:53,814 - INFO - Collecting crypto data from online resources...
2023-05-10 13:44:53,815 - INFO - Retrieving historical data for SHIB-USD
2023-05-10 13:44:53,815 - INFO - Retrieved data for {config.selected_ticker}
2023-05-10 13:44:54,026 - INFO - Retrieved historical data for {config.selected_ticker}
2023-05-10 13:44:54,028 - INFO - Filtered data for {config.selected_ticker}
2023-05-10 13:44:54,051 - INFO - Performing data analysis
2023-05-10 13:44:54,062 - INFO - Collecting news articles from online resources...
2023-05-10 13:44:54,797 - INFO - Performing sentiment analysis
2023-05-10 13:44:54,797 - ERROR - Error getting news sentiment score: argument of type 'NoneType' is not iterable
2023-05-10 13:44:54,798 - INFO - News sentiment score for SHIB-USD is 0
2023-05-10 13:44:54,798 - INFO - Visualizing data
2023-05-10 13:44:57,303 - INFO - Training machine learning models
2023-05-10 13:52:56,155 - ERROR - An error occurred: Unknown label type: 'continuous'
Traceback (most recent call last):
  File "c:\Users\User\Documents\GitHub\CryptoSnake\CryptoSnake\main.py", line 166, in main
    pipeline.fit(X_train, y_train)
  File "c:\Users\User\Documents\GitHub\CryptoSnake\CryptoSnake\.venv\lib\site-packages\sklearn\pipeline.py", line 405, in fit
    self._final_estimator.fit(Xt, y, **fit_params_last_step)
  File "c:\Users\User\Documents\GitHub\CryptoSnake\CryptoSnake\.venv\lib\site-packages\sklearn\linear_model\_logistic.py", line 1204, in fit
    check_classification_targets(y)
  File "c:\Users\User\Documents\GitHub\CryptoSnake\CryptoSnake\.venv\lib\site-packages\sklearn\utils\multiclass.py", line 218, in check_classification_targets
    raise ValueError("Unknown label type: %r" % y_type)
ValueError: Unknown label type: 'continuous'
2023-05-10 14:10:28,181 - INFO - Program started
2023-05-10 14:10:32,319 - INFO - Selected ticker: SHIB-USD
2023-05-10 14:10:32,319 - INFO - Selected ticker image URL: selected_ticker_image.png
2023-05-10 14:10:32,321 - INFO - Collecting crypto data from online resources...
2023-05-10 14:10:32,321 - INFO - Retrieving historical data for SHIB-USD
2023-05-10 14:10:32,322 - INFO - Retrieved data for {config.selected_ticker}
2023-05-10 14:10:32,531 - INFO - Retrieved historical data for {config.selected_ticker}
2023-05-10 14:10:32,533 - INFO - Filtered data for {config.selected_ticker}
2023-05-10 14:10:32,557 - INFO - Performing data analysis
2023-05-10 14:10:32,565 - INFO - Collecting news articles from online resources...
2023-05-10 14:10:33,316 - INFO - Performing sentiment analysis
2023-05-10 14:10:33,316 - ERROR - Error getting news sentiment score: argument of type 'NoneType' is not iterable
2023-05-10 14:10:33,316 - INFO - News sentiment score for SHIB-USD is 0
2023-05-10 14:10:33,318 - INFO - Visualizing data
2023-05-10 14:10:35,738 - ERROR - An error occurred: Logger.log_info() missing 1 required positional argument: 'message'
Traceback (most recent call last):
  File "c:\Users\User\Documents\GitHub\CryptoSnake\CryptoSnake\main.py", line 111, in main
    Logger.log_info("Splitting the crypto data into features (X) and target (y)...")
TypeError: Logger.log_info() missing 1 required positional argument: 'message'
2023-05-10 14:13:32,788 - INFO - Program started
2023-05-10 14:13:41,513 - INFO - Selected ticker: SHIB-USD
2023-05-10 14:13:41,514 - INFO - Selected ticker image URL: selected_ticker_image.png
2023-05-10 14:13:41,515 - INFO - Collecting crypto data from online resources...
2023-05-10 14:13:41,516 - INFO - Retrieving historical data for SHIB-USD
2023-05-10 14:13:41,517 - INFO - Retrieved data for {config.selected_ticker}
2023-05-10 14:13:41,726 - INFO - Retrieved historical data for {config.selected_ticker}
2023-05-10 14:13:41,730 - INFO - Filtered data for {config.selected_ticker}
2023-05-10 14:13:41,752 - INFO - Performing data analysis
2023-05-10 14:13:41,758 - INFO - Collecting news articles from online resources...
2023-05-10 14:13:42,470 - INFO - Performing sentiment analysis
2023-05-10 14:13:42,470 - ERROR - Error getting news sentiment score: argument of type 'NoneType' is not iterable
2023-05-10 14:13:42,471 - INFO - News sentiment score for SHIB-USD is 0
2023-05-10 14:13:42,471 - INFO - Visualizing data
2023-05-10 14:13:44,762 - ERROR - An error occurred: Logger.log_info() missing 1 required positional argument: 'message'
Traceback (most recent call last):
  File "c:\Users\User\Documents\GitHub\CryptoSnake\CryptoSnake\main.py", line 111, in main
    Logger.log_info("Splitting the crypto data into features (X) and target (y)")
TypeError: Logger.log_info() missing 1 required positional argument: 'message'
2023-05-10 14:14:52,139 - INFO - Program started
2023-05-10 14:14:53,911 - INFO - Selected ticker: SHIB-USD
2023-05-10 14:14:53,911 - INFO - Selected ticker image URL: selected_ticker_image.png
2023-05-10 14:14:53,913 - INFO - Collecting crypto data from online resources...
2023-05-10 14:14:53,913 - INFO - Retrieving historical data for SHIB-USD
2023-05-10 14:14:53,914 - INFO - Retrieved data for {config.selected_ticker}
2023-05-10 14:14:54,126 - INFO - Retrieved historical data for {config.selected_ticker}
2023-05-10 14:14:54,128 - INFO - Filtered data for {config.selected_ticker}
2023-05-10 14:14:54,154 - INFO - Performing data analysis
2023-05-10 14:14:54,161 - INFO - Collecting news articles from online resources...
2023-05-10 14:14:54,890 - INFO - Performing sentiment analysis
2023-05-10 14:14:54,891 - ERROR - Error getting news sentiment score: argument of type 'NoneType' is not iterable
2023-05-10 14:14:54,891 - INFO - News sentiment score for SHIB-USD is 0
2023-05-10 14:14:54,891 - INFO - Visualizing data
2023-05-10 14:14:57,131 - INFO - Splitting the crypto data into features (X) and target (y)
2023-05-10 14:14:57,142 - ERROR - An error occurred: 1
Traceback (most recent call last):
  File "c:\Users\User\Documents\GitHub\CryptoSnake\CryptoSnake\.venv\lib\site-packages\pandas\core\indexes\base.py", line 3652, in get_loc
    return self._engine.get_loc(casted_key)
  File "pandas\_libs\index.pyx", line 147, in pandas._libs.index.IndexEngine.get_loc
  File "pandas\_libs\index.pyx", line 176, in pandas._libs.index.IndexEngine.get_loc
  File "pandas\_libs\hashtable_class_helper.pxi", line 7080, in pandas._libs.hashtable.PyObjectHashTable.get_item
  File "pandas\_libs\hashtable_class_helper.pxi", line 7088, in pandas._libs.hashtable.PyObjectHashTable.get_item
KeyError: 1

The above exception was the direct cause of the following exception:

Traceback (most recent call last):
  File "c:\Users\User\Documents\GitHub\CryptoSnake\CryptoSnake\main.py", line 138, in main
    model.train(crypto_data)
  File "c:\Users\User\Documents\GitHub\CryptoSnake\CryptoSnake\machine_learning\models\lstm_model\lstm.py", line 18, in train
    Y.append(data[i+look_back])
  File "c:\Users\User\Documents\GitHub\CryptoSnake\CryptoSnake\.venv\lib\site-packages\pandas\core\frame.py", line 3761, in __getitem__
    indexer = self.columns.get_loc(key)
  File "c:\Users\User\Documents\GitHub\CryptoSnake\CryptoSnake\.venv\lib\site-packages\pandas\core\indexes\base.py", line 3654, in get_loc
    raise KeyError(key) from err
KeyError: 1
2023-05-10 14:17:57,745 - INFO - Program started
2023-05-10 14:21:49,945 - INFO - Program started
2023-05-10 14:21:52,069 - INFO - Selected ticker: SHIB-USD
2023-05-10 14:21:52,069 - INFO - Selected ticker image URL: selected_ticker_image.png
2023-05-10 14:21:52,070 - INFO - Collecting crypto data from online resources...
2023-05-10 14:21:52,071 - INFO - Retrieving historical data for SHIB-USD
2023-05-10 14:21:52,072 - INFO - Retrieved data for {config.selected_ticker}
2023-05-10 14:21:52,279 - INFO - Retrieved historical data for {config.selected_ticker}
2023-05-10 14:21:52,281 - INFO - Filtered data for {config.selected_ticker}
2023-05-10 14:21:52,305 - INFO - Performing data analysis
2023-05-10 14:21:52,311 - INFO - Collecting news articles from online resources...
2023-05-10 14:21:53,186 - INFO - Performing sentiment analysis
2023-05-10 14:21:53,187 - ERROR - Error getting news sentiment score: argument of type 'NoneType' is not iterable
2023-05-10 14:21:53,187 - INFO - News sentiment score for SHIB-USD is 0
2023-05-10 14:21:53,187 - INFO - Visualizing data
2023-05-10 14:21:55,762 - INFO - Splitting the crypto data into features (X) and target (y)
2023-05-10 14:21:55,768 - ERROR - An error occurred: 1
Traceback (most recent call last):
  File "c:\Users\User\Documents\GitHub\CryptoSnake\CryptoSnake\.venv\lib\site-packages\pandas\core\indexes\base.py", line 3652, in get_loc
    return self._engine.get_loc(casted_key)
  File "pandas\_libs\index.pyx", line 147, in pandas._libs.index.IndexEngine.get_loc
  File "pandas\_libs\index.pyx", line 176, in pandas._libs.index.IndexEngine.get_loc
  File "pandas\_libs\hashtable_class_helper.pxi", line 7080, in pandas._libs.hashtable.PyObjectHashTable.get_item
  File "pandas\_libs\hashtable_class_helper.pxi", line 7088, in pandas._libs.hashtable.PyObjectHashTable.get_item
KeyError: 1

The above exception was the direct cause of the following exception:

Traceback (most recent call last):
  File "c:\Users\User\Documents\GitHub\CryptoSnake\CryptoSnake\main.py", line 138, in main
    model.train(X_train)
  File "c:\Users\User\Documents\GitHub\CryptoSnake\CryptoSnake\machine_learning\models\lstm_model\lstm.py", line 18, in train
    Y.append(data[i+look_back])
  File "c:\Users\User\Documents\GitHub\CryptoSnake\CryptoSnake\.venv\lib\site-packages\pandas\core\frame.py", line 3761, in __getitem__
    indexer = self.columns.get_loc(key)
  File "c:\Users\User\Documents\GitHub\CryptoSnake\CryptoSnake\.venv\lib\site-packages\pandas\core\indexes\base.py", line 3654, in get_loc
    raise KeyError(key) from err
KeyError: 1
2023-05-10 14:26:27,902 - INFO - Program started
2023-05-10 14:26:32,780 - INFO - Selected ticker: SHIB-USD
2023-05-10 14:26:32,780 - INFO - Selected ticker image URL: selected_ticker_image.png
2023-05-10 14:26:32,782 - INFO - Collecting crypto data from online resources...
2023-05-10 14:26:32,782 - INFO - Retrieving historical data for SHIB-USD
2023-05-10 14:26:32,783 - INFO - Retrieved data for {config.selected_ticker}
2023-05-10 14:26:33,214 - INFO - Retrieved historical data for {config.selected_ticker}
2023-05-10 14:26:33,218 - INFO - Filtered data for {config.selected_ticker}
2023-05-10 14:26:33,250 - INFO - Performing data analysis
2023-05-10 14:26:33,261 - INFO - Collecting news articles from online resources...
2023-05-10 14:26:34,395 - INFO - Performing sentiment analysis
2023-05-10 14:26:34,395 - ERROR - Error getting news sentiment score: argument of type 'NoneType' is not iterable
2023-05-10 14:26:34,395 - INFO - News sentiment score for SHIB-USD is 0
2023-05-10 14:26:34,395 - INFO - Visualizing data
2023-05-10 14:26:36,881 - INFO - Splitting the crypto data into features (X) and target (y)
2023-05-10 14:26:36,890 - ERROR - An error occurred: 1
Traceback (most recent call last):
  File "c:\Users\User\Documents\GitHub\CryptoSnake\CryptoSnake\.venv\lib\site-packages\pandas\core\indexes\base.py", line 3652, in get_loc
    return self._engine.get_loc(casted_key)
  File "pandas\_libs\index.pyx", line 147, in pandas._libs.index.IndexEngine.get_loc
  File "pandas\_libs\index.pyx", line 176, in pandas._libs.index.IndexEngine.get_loc
  File "pandas\_libs\hashtable_class_helper.pxi", line 7080, in pandas._libs.hashtable.PyObjectHashTable.get_item
  File "pandas\_libs\hashtable_class_helper.pxi", line 7088, in pandas._libs.hashtable.PyObjectHashTable.get_item
KeyError: 1

The above exception was the direct cause of the following exception:

Traceback (most recent call last):
  File "c:\Users\User\Documents\GitHub\CryptoSnake\CryptoSnake\main.py", line 138, in main
    model.train(X_train)
  File "c:\Users\User\Documents\GitHub\CryptoSnake\CryptoSnake\machine_learning\models\lstm_model\lstm.py", line 18, in train
    Y.append(data[i+look_back])
  File "c:\Users\User\Documents\GitHub\CryptoSnake\CryptoSnake\.venv\lib\site-packages\pandas\core\frame.py", line 3761, in __getitem__
    indexer = self.columns.get_loc(key)
  File "c:\Users\User\Documents\GitHub\CryptoSnake\CryptoSnake\.venv\lib\site-packages\pandas\core\indexes\base.py", line 3654, in get_loc
    raise KeyError(key) from err
KeyError: 1
2023-05-10 14:29:23,173 - INFO - Program started
2023-05-10 14:29:25,174 - INFO - Selected ticker: SHIB-USD
2023-05-10 14:29:25,174 - INFO - Selected ticker image URL: selected_ticker_image.png
2023-05-10 14:29:25,176 - INFO - Collecting crypto data from online resources...
2023-05-10 14:29:25,177 - INFO - Retrieving historical data for SHIB-USD
2023-05-10 14:29:25,178 - INFO - Retrieved data for {config.selected_ticker}
2023-05-10 14:29:25,362 - INFO - Retrieved historical data for {config.selected_ticker}
2023-05-10 14:29:25,365 - INFO - Filtered data for {config.selected_ticker}
2023-05-10 14:29:25,387 - INFO - Performing data analysis
2023-05-10 14:29:25,394 - INFO - Collecting news articles from online resources...
2023-05-10 14:29:26,265 - INFO - Performing sentiment analysis
2023-05-10 14:29:26,266 - ERROR - Error getting news sentiment score: argument of type 'NoneType' is not iterable
2023-05-10 14:29:26,266 - INFO - News sentiment score for SHIB-USD is 0
2023-05-10 14:29:26,266 - INFO - Visualizing data
2023-05-10 14:29:42,259 - INFO - Splitting the crypto data into features (X) and target (y)
2023-05-10 15:00:56,863 - ERROR - An error occurred: 1
Traceback (most recent call last):
  File "c:\Users\User\Documents\GitHub\CryptoSnake\CryptoSnake\.venv\lib\site-packages\pandas\core\indexes\base.py", line 3652, in get_loc
    return self._engine.get_loc(casted_key)
  File "pandas\_libs\index.pyx", line 147, in pandas._libs.index.IndexEngine.get_loc
  File "pandas\_libs\index.pyx", line 176, in pandas._libs.index.IndexEngine.get_loc
  File "pandas\_libs\hashtable_class_helper.pxi", line 7080, in pandas._libs.hashtable.PyObjectHashTable.get_item
  File "pandas\_libs\hashtable_class_helper.pxi", line 7088, in pandas._libs.hashtable.PyObjectHashTable.get_item
KeyError: 1

The above exception was the direct cause of the following exception:

Traceback (most recent call last):
  File "c:\Users\User\Documents\GitHub\CryptoSnake\CryptoSnake\main.py", line 138, in main
    model.train(X_train)
  File "c:\Users\User\Documents\GitHub\CryptoSnake\CryptoSnake\machine_learning\models\lstm_model\lstm.py", line 18, in train
    Y.append(data[i+look_back])
  File "c:\Users\User\Documents\GitHub\CryptoSnake\CryptoSnake\.venv\lib\site-packages\pandas\core\frame.py", line 3761, in __getitem__
    indexer = self.columns.get_loc(key)
  File "c:\Users\User\Documents\GitHub\CryptoSnake\CryptoSnake\.venv\lib\site-packages\pandas\core\indexes\base.py", line 3654, in get_loc
    raise KeyError(key) from err
KeyError: 1
2023-05-10 15:08:03,791 - INFO - Program started
2023-05-10 15:08:16,367 - INFO - Selected ticker: SHIB-USD
2023-05-10 15:08:16,367 - INFO - Selected ticker image URL: selected_ticker_image.png
2023-05-10 15:08:16,369 - INFO - Collecting crypto data from online resources...
2023-05-10 15:08:16,369 - INFO - Retrieving historical data for SHIB-USD
2023-05-10 15:08:16,370 - INFO - Retrieved data for {config.selected_ticker}
2023-05-10 15:08:16,570 - INFO - Retrieved historical data for {config.selected_ticker}
2023-05-10 15:08:16,573 - INFO - Filtered data for {config.selected_ticker}
2023-05-10 15:08:16,597 - INFO - Performing data analysis
2023-05-10 15:08:16,608 - INFO - Collecting news articles from online resources...
2023-05-10 15:08:17,470 - INFO - Performing sentiment analysis
2023-05-10 15:08:17,471 - ERROR - Error getting news sentiment score: argument of type 'NoneType' is not iterable
2023-05-10 15:08:17,471 - INFO - News sentiment score for SHIB-USD is 0
2023-05-10 15:08:17,471 - INFO - Visualizing data
2023-05-10 15:08:19,835 - INFO - Splitting the crypto data into features (X) and target (y)
2023-05-10 15:08:19,845 - ERROR - An error occurred: 1
Traceback (most recent call last):
  File "c:\Users\User\Documents\GitHub\CryptoSnake\CryptoSnake\.venv\lib\site-packages\pandas\core\indexes\base.py", line 3652, in get_loc
    return self._engine.get_loc(casted_key)
  File "pandas\_libs\index.pyx", line 147, in pandas._libs.index.IndexEngine.get_loc
  File "pandas\_libs\index.pyx", line 176, in pandas._libs.index.IndexEngine.get_loc
  File "pandas\_libs\hashtable_class_helper.pxi", line 7080, in pandas._libs.hashtable.PyObjectHashTable.get_item
  File "pandas\_libs\hashtable_class_helper.pxi", line 7088, in pandas._libs.hashtable.PyObjectHashTable.get_item
KeyError: 1

The above exception was the direct cause of the following exception:

Traceback (most recent call last):
  File "c:\Users\User\Documents\GitHub\CryptoSnake\CryptoSnake\main.py", line 138, in main
    model.train(X_train)
  File "c:\Users\User\Documents\GitHub\CryptoSnake\CryptoSnake\machine_learning\models\lstm_model\lstm.py", line 18, in train
    Y.append(data[i+look_back])
  File "c:\Users\User\Documents\GitHub\CryptoSnake\CryptoSnake\.venv\lib\site-packages\pandas\core\frame.py", line 3761, in __getitem__
    indexer = self.columns.get_loc(key)
  File "c:\Users\User\Documents\GitHub\CryptoSnake\CryptoSnake\.venv\lib\site-packages\pandas\core\indexes\base.py", line 3654, in get_loc
    raise KeyError(key) from err
KeyError: 1
2023-05-10 15:11:37,443 - INFO - Program started
2023-05-10 15:11:40,609 - INFO - Selected ticker: SHIB-USD
2023-05-10 15:11:40,609 - INFO - Selected ticker image URL: selected_ticker_image.png
2023-05-10 15:11:40,610 - INFO - Collecting crypto data from online resources...
2023-05-10 15:11:40,611 - INFO - Retrieving historical data for SHIB-USD
2023-05-10 15:11:40,612 - INFO - Retrieved data for {config.selected_ticker}
2023-05-10 15:11:40,821 - INFO - Retrieved historical data for {config.selected_ticker}
2023-05-10 15:11:40,825 - INFO - Filtered data for {config.selected_ticker}
2023-05-10 15:11:40,850 - INFO - Performing data analysis
2023-05-10 15:11:40,858 - INFO - Collecting news articles from online resources...
2023-05-10 15:11:41,564 - INFO - Performing sentiment analysis
2023-05-10 15:11:41,564 - ERROR - Error getting news sentiment score: argument of type 'NoneType' is not iterable
2023-05-10 15:11:41,564 - INFO - News sentiment score for SHIB-USD is 0
2023-05-10 15:11:41,565 - INFO - Visualizing data
2023-05-10 15:11:44,121 - INFO - Splitting the crypto data into features (X) and target (y)
2023-05-10 15:11:44,132 - ERROR - An error occurred: "None of [Index(['open', 'high', 'low', 'close'], dtype='object')] are in the [columns]"
Traceback (most recent call last):
  File "c:\Users\User\Documents\GitHub\CryptoSnake\CryptoSnake\main.py", line 134, in main
    data = np.array(crypto_data_df[["open", "high", "low", "close"]])
  File "c:\Users\User\Documents\GitHub\CryptoSnake\CryptoSnake\.venv\lib\site-packages\pandas\core\frame.py", line 3767, in __getitem__
    indexer = self.columns._get_indexer_strict(key, "columns")[1]
  File "c:\Users\User\Documents\GitHub\CryptoSnake\CryptoSnake\.venv\lib\site-packages\pandas\core\indexes\base.py", line 5876, in _get_indexer_strict
    self._raise_if_missing(keyarr, indexer, axis_name)
  File "c:\Users\User\Documents\GitHub\CryptoSnake\CryptoSnake\.venv\lib\site-packages\pandas\core\indexes\base.py", line 5935, in _raise_if_missing
    raise KeyError(f"None of [{key}] are in the [{axis_name}]")
KeyError: "None of [Index(['open', 'high', 'low', 'close'], dtype='object')] are in the [columns]"
2023-05-10 15:13:01,277 - INFO - Program started
2023-05-10 15:13:13,408 - INFO - Selected ticker: SHIB-USD
2023-05-10 15:13:13,408 - INFO - Selected ticker image URL: selected_ticker_image.png
2023-05-10 15:13:13,410 - INFO - Collecting crypto data from online resources...
2023-05-10 15:13:13,410 - INFO - Retrieving historical data for SHIB-USD
2023-05-10 15:13:13,411 - INFO - Retrieved data for {config.selected_ticker}
2023-05-10 15:13:13,599 - INFO - Retrieved historical data for {config.selected_ticker}
2023-05-10 15:13:13,601 - INFO - Filtered data for {config.selected_ticker}
2023-05-10 15:13:13,626 - INFO - Performing data analysis
2023-05-10 15:13:13,634 - INFO - Collecting news articles from online resources...
2023-05-10 15:13:14,513 - INFO - Performing sentiment analysis
2023-05-10 15:13:14,513 - ERROR - Error getting news sentiment score: argument of type 'NoneType' is not iterable
2023-05-10 15:13:14,513 - INFO - News sentiment score for SHIB-USD is 0
2023-05-10 15:13:14,514 - INFO - Visualizing data
2023-05-10 15:13:16,776 - INFO - Splitting the crypto data into features (X) and target (y)
2023-05-10 15:13:16,790 - ERROR - An error occurred: 1
Traceback (most recent call last):
  File "c:\Users\User\Documents\GitHub\CryptoSnake\CryptoSnake\.venv\lib\site-packages\pandas\core\indexes\base.py", line 3652, in get_loc
    return self._engine.get_loc(casted_key)
  File "pandas\_libs\index.pyx", line 147, in pandas._libs.index.IndexEngine.get_loc
  File "pandas\_libs\index.pyx", line 176, in pandas._libs.index.IndexEngine.get_loc
  File "pandas\_libs\hashtable_class_helper.pxi", line 7080, in pandas._libs.hashtable.PyObjectHashTable.get_item
  File "pandas\_libs\hashtable_class_helper.pxi", line 7088, in pandas._libs.hashtable.PyObjectHashTable.get_item
KeyError: 1

The above exception was the direct cause of the following exception:

Traceback (most recent call last):
  File "c:\Users\User\Documents\GitHub\CryptoSnake\CryptoSnake\main.py", line 140, in main
    model.train(X_train)
  File "c:\Users\User\Documents\GitHub\CryptoSnake\CryptoSnake\machine_learning\models\lstm_model\lstm.py", line 19, in train
    Y.append(data[i+look_back])
  File "c:\Users\User\Documents\GitHub\CryptoSnake\CryptoSnake\.venv\lib\site-packages\pandas\core\frame.py", line 3761, in __getitem__
    indexer = self.columns.get_loc(key)
  File "c:\Users\User\Documents\GitHub\CryptoSnake\CryptoSnake\.venv\lib\site-packages\pandas\core\indexes\base.py", line 3654, in get_loc
    raise KeyError(key) from err
KeyError: 1
2023-05-10 15:14:37,405 - INFO - Program started
2023-05-10 15:15:20,728 - INFO - Selected ticker: SHIB-USD
2023-05-10 15:15:20,728 - INFO - Selected ticker image URL: selected_ticker_image.png
2023-05-10 15:15:20,730 - INFO - Collecting crypto data from online resources...
2023-05-10 15:15:20,731 - INFO - Retrieving historical data for SHIB-USD
2023-05-10 15:15:20,731 - INFO - Retrieved data for {config.selected_ticker}
2023-05-10 15:15:20,945 - INFO - Retrieved historical data for {config.selected_ticker}
2023-05-10 15:15:20,948 - INFO - Filtered data for {config.selected_ticker}
2023-05-10 15:15:20,974 - INFO - Performing data analysis
2023-05-10 15:15:20,981 - INFO - Collecting news articles from online resources...
2023-05-10 15:15:21,756 - INFO - Performing sentiment analysis
2023-05-10 15:15:21,756 - ERROR - Error getting news sentiment score: argument of type 'NoneType' is not iterable
2023-05-10 15:15:21,756 - INFO - News sentiment score for SHIB-USD is 0
2023-05-10 15:15:21,756 - INFO - Visualizing data
2023-05-10 15:15:24,075 - INFO - Splitting the crypto data into features (X) and target (y)
2023-05-10 15:15:24,084 - ERROR - An error occurred: name 'crypto_data_df' is not defined
Traceback (most recent call last):
  File "c:\Users\User\Documents\GitHub\CryptoSnake\CryptoSnake\main.py", line 140, in main
    model.train(X_train)
  File "c:\Users\User\Documents\GitHub\CryptoSnake\CryptoSnake\machine_learning\models\lstm_model\lstm.py", line 16, in train
    data = np.array(crypto_data_df[["Open", "High", "Low", "Close"]])
NameError: name 'crypto_data_df' is not defined
2023-05-10 15:18:23,855 - INFO - Program started
2023-05-10 15:18:27,267 - INFO - Selected ticker: SHIB-USD
2023-05-10 15:18:27,267 - INFO - Selected ticker image URL: selected_ticker_image.png
2023-05-10 15:18:27,268 - INFO - Collecting crypto data from online resources...
2023-05-10 15:18:27,268 - INFO - Retrieving historical data for SHIB-USD
2023-05-10 15:18:27,269 - INFO - Retrieved data for {config.selected_ticker}
2023-05-10 15:18:27,458 - INFO - Retrieved historical data for {config.selected_ticker}
2023-05-10 15:18:27,460 - INFO - Filtered data for {config.selected_ticker}
2023-05-10 15:18:27,481 - INFO - Performing data analysis
2023-05-10 15:18:27,489 - INFO - Collecting news articles from online resources...
2023-05-10 15:18:28,237 - INFO - Performing sentiment analysis
2023-05-10 15:18:28,237 - ERROR - Error getting news sentiment score: argument of type 'NoneType' is not iterable
2023-05-10 15:18:28,237 - INFO - News sentiment score for SHIB-USD is 0
2023-05-10 15:18:28,237 - INFO - Visualizing data
2023-05-10 15:18:30,648 - INFO - Splitting the crypto data into features (X) and target (y)
2023-05-10 15:18:39,034 - ERROR - An error occurred: 'DataFrame' object has no attribute 'reshape'
Traceback (most recent call last):
  File "c:\Users\User\Documents\GitHub\CryptoSnake\CryptoSnake\main.py", line 143, in main
    predictions = model.predict(X_test)
  File "c:\Users\User\Documents\GitHub\CryptoSnake\CryptoSnake\machine_learning\models\lstm_model\lstm.py", line 35, in predict
    x = x.reshape((1, look_back, data.shape[1]))
  File "c:\Users\User\Documents\GitHub\CryptoSnake\CryptoSnake\.venv\lib\site-packages\pandas\core\generic.py", line 5989, in __getattr__
    return object.__getattribute__(self, name)
AttributeError: 'DataFrame' object has no attribute 'reshape'
2023-05-10 15:20:45,112 - INFO - Program started
2023-05-10 15:21:06,891 - INFO - Selected ticker: SHIB-USD
2023-05-10 15:21:06,892 - INFO - Selected ticker image URL: selected_ticker_image.png
2023-05-10 15:21:06,893 - INFO - Collecting crypto data from online resources...
2023-05-10 15:21:06,894 - INFO - Retrieving historical data for SHIB-USD
2023-05-10 15:21:06,895 - INFO - Retrieved data for {config.selected_ticker}
2023-05-10 15:21:07,131 - INFO - Retrieved historical data for {config.selected_ticker}
2023-05-10 15:21:07,133 - INFO - Filtered data for {config.selected_ticker}
2023-05-10 15:21:07,157 - INFO - Performing data analysis
2023-05-10 15:21:07,165 - INFO - Collecting news articles from online resources...
2023-05-10 15:21:08,093 - INFO - Performing sentiment analysis
2023-05-10 15:21:08,094 - ERROR - Error getting news sentiment score: argument of type 'NoneType' is not iterable
2023-05-10 15:21:08,094 - INFO - News sentiment score for SHIB-USD is 0
2023-05-10 15:21:08,095 - INFO - Visualizing data
2023-05-10 15:21:10,981 - INFO - Splitting the crypto data into features (X) and target (y)
2023-05-10 15:21:21,572 - ERROR - An error occurred: 'DataFrame' object has no attribute 'reshape'
Traceback (most recent call last):
  File "c:\Users\User\Documents\GitHub\CryptoSnake\CryptoSnake\main.py", line 143, in main
    predictions = model.predict(X_test)
  File "c:\Users\User\Documents\GitHub\CryptoSnake\CryptoSnake\machine_learning\models\lstm_model\lstm.py", line 35, in predict
    x = x.reshape((1, look_back, data.shape[1]))
  File "c:\Users\User\Documents\GitHub\CryptoSnake\CryptoSnake\.venv\lib\site-packages\pandas\core\generic.py", line 5989, in __getattr__
    return object.__getattribute__(self, name)
AttributeError: 'DataFrame' object has no attribute 'reshape'
2023-05-10 15:23:55,905 - INFO - Program started
2023-05-10 15:23:57,443 - INFO - Selected ticker: SHIB-USD
2023-05-10 15:23:57,443 - INFO - Selected ticker image URL: selected_ticker_image.png
2023-05-10 15:23:57,443 - INFO - Collecting crypto data from online resources...
2023-05-10 15:23:57,445 - INFO - Retrieving historical data for SHIB-USD
2023-05-10 15:23:57,445 - INFO - Retrieved data for {config.selected_ticker}
2023-05-10 15:23:57,678 - INFO - Retrieved historical data for {config.selected_ticker}
2023-05-10 15:23:57,680 - INFO - Filtered data for {config.selected_ticker}
2023-05-10 15:23:57,703 - INFO - Performing data analysis
2023-05-10 15:23:57,710 - INFO - Collecting news articles from online resources...
2023-05-10 15:23:58,472 - INFO - Performing sentiment analysis
2023-05-10 15:23:58,472 - ERROR - Error getting news sentiment score: argument of type 'NoneType' is not iterable
2023-05-10 15:23:58,473 - INFO - News sentiment score for SHIB-USD is 0
2023-05-10 15:23:58,473 - INFO - Visualizing data
2023-05-10 15:24:00,808 - INFO - Splitting the crypto data into features (X) and target (y)
2023-05-10 15:24:00,820 - ERROR - An error occurred: 'numpy.ndarray' object has no attribute 'values'
Traceback (most recent call last):
  File "c:\Users\User\Documents\GitHub\CryptoSnake\CryptoSnake\main.py", line 140, in main
    model.train(X_train)
  File "c:\Users\User\Documents\GitHub\CryptoSnake\CryptoSnake\machine_learning\models\lstm_model\lstm.py", line 17, in train
    data_array = data.values
AttributeError: 'numpy.ndarray' object has no attribute 'values'
2023-05-10 15:28:05,425 - INFO - Program started
2023-05-10 15:28:07,889 - INFO - Selected ticker: SHIB-USD
2023-05-10 15:28:07,889 - INFO - Selected ticker image URL: selected_ticker_image.png
2023-05-10 15:28:07,891 - INFO - Collecting crypto data from online resources...
2023-05-10 15:28:07,891 - INFO - Retrieving historical data for SHIB-USD
2023-05-10 15:28:07,892 - INFO - Retrieved data for {config.selected_ticker}
2023-05-10 15:28:08,107 - INFO - Retrieved historical data for {config.selected_ticker}
2023-05-10 15:28:08,108 - INFO - Filtered data for {config.selected_ticker}
2023-05-10 15:28:08,135 - INFO - Performing data analysis
2023-05-10 15:28:08,142 - INFO - Collecting news articles from online resources...
2023-05-10 15:28:08,946 - INFO - Performing sentiment analysis
2023-05-10 15:28:08,947 - ERROR - Error getting news sentiment score: argument of type 'NoneType' is not iterable
2023-05-10 15:28:08,947 - INFO - News sentiment score for SHIB-USD is 0
2023-05-10 15:28:08,947 - INFO - Visualizing data
2023-05-10 15:28:11,377 - INFO - Splitting the crypto data into features (X) and target (y)
2023-05-10 15:28:31,945 - ERROR - An error occurred: 'LSTMModel' object has no attribute 'evaluate'
Traceback (most recent call last):
  File "c:\Users\User\Documents\GitHub\CryptoSnake\CryptoSnake\main.py", line 146, in main
    mse = model.evaluate(X_test, y_test)
AttributeError: 'LSTMModel' object has no attribute 'evaluate'
2023-05-10 15:30:16,389 - INFO - Program started
2023-05-10 15:30:18,293 - INFO - Selected ticker: SHIB-USD
2023-05-10 15:30:18,294 - INFO - Selected ticker image URL: selected_ticker_image.png
2023-05-10 15:30:18,295 - INFO - Collecting crypto data from online resources...
2023-05-10 15:30:18,295 - INFO - Retrieving historical data for SHIB-USD
2023-05-10 15:30:18,298 - INFO - Retrieved data for {config.selected_ticker}
2023-05-10 15:30:18,515 - INFO - Retrieved historical data for {config.selected_ticker}
2023-05-10 15:30:18,517 - INFO - Filtered data for {config.selected_ticker}
2023-05-10 15:30:18,539 - INFO - Performing data analysis
2023-05-10 15:30:18,545 - INFO - Collecting news articles from online resources...
2023-05-10 15:30:19,284 - INFO - Performing sentiment analysis
2023-05-10 15:30:19,284 - ERROR - Error getting news sentiment score: argument of type 'NoneType' is not iterable
2023-05-10 15:30:19,285 - INFO - News sentiment score for SHIB-USD is 0
2023-05-10 15:30:19,285 - INFO - Visualizing data
2023-05-10 15:30:21,575 - INFO - Splitting the crypto data into features (X) and target (y)
2023-05-10 15:30:41,510 - ERROR - An error occurred: 'Series' object cannot be interpreted as an integer
Traceback (most recent call last):
  File "c:\Users\User\Documents\GitHub\CryptoSnake\CryptoSnake\main.py", line 146, in main
    mse = model.evaluate(X_test, y_test)
  File "c:\Users\User\Documents\GitHub\CryptoSnake\CryptoSnake\machine_learning\models\lstm_model\lstm.py", line 46, in evaluate
    for i in range(len(data)-look_back):
TypeError: 'Series' object cannot be interpreted as an integer
2023-05-10 15:32:05,816 - INFO - Program started
2023-05-10 15:32:07,522 - INFO - Selected ticker: SHIB-USD
2023-05-10 15:32:07,522 - INFO - Selected ticker image URL: selected_ticker_image.png
2023-05-10 15:32:07,524 - INFO - Collecting crypto data from online resources...
2023-05-10 15:32:07,525 - INFO - Retrieving historical data for SHIB-USD
2023-05-10 15:32:07,525 - INFO - Retrieved data for {config.selected_ticker}
2023-05-10 15:32:07,716 - INFO - Retrieved historical data for {config.selected_ticker}
2023-05-10 15:32:07,717 - INFO - Filtered data for {config.selected_ticker}
2023-05-10 15:32:07,741 - INFO - Performing data analysis
2023-05-10 15:32:07,750 - INFO - Collecting news articles from online resources...
2023-05-10 15:32:08,471 - INFO - Performing sentiment analysis
2023-05-10 15:32:08,471 - ERROR - Error getting news sentiment score: argument of type 'NoneType' is not iterable
2023-05-10 15:32:08,472 - INFO - News sentiment score for SHIB-USD is 0
2023-05-10 15:32:08,472 - INFO - Visualizing data
2023-05-10 15:32:10,877 - INFO - Splitting the crypto data into features (X) and target (y)
2023-05-10 15:32:31,798 - ERROR - An error occurred: only integers, slices (`:`), ellipsis (`...`), numpy.newaxis (`None`) and integer or boolean arrays are valid indices
Traceback (most recent call last):
  File "c:\Users\User\Documents\GitHub\CryptoSnake\CryptoSnake\main.py", line 146, in main
    mse = model.evaluate(np.array(X_test), np.array(y_test))
  File "c:\Users\User\Documents\GitHub\CryptoSnake\CryptoSnake\machine_learning\models\lstm_model\lstm.py", line 44, in evaluate
    data_array = np.array(data[["Open", "High", "Low"]])
IndexError: only integers, slices (`:`), ellipsis (`...`), numpy.newaxis (`None`) and integer or boolean arrays are valid indices
2023-05-10 15:35:21,689 - INFO - Program started
2023-05-10 15:35:34,728 - INFO - Selected ticker: SHIB-USD
2023-05-10 15:35:34,728 - INFO - Selected ticker image URL: selected_ticker_image.png
2023-05-10 15:35:34,729 - INFO - Collecting crypto data from online resources...
2023-05-10 15:35:34,730 - INFO - Retrieving historical data for SHIB-USD
2023-05-10 15:35:34,730 - INFO - Retrieved data for {config.selected_ticker}
2023-05-10 15:35:34,938 - INFO - Retrieved historical data for {config.selected_ticker}
2023-05-10 15:35:34,941 - INFO - Filtered data for {config.selected_ticker}
2023-05-10 15:35:34,965 - INFO - Performing data analysis
2023-05-10 15:35:34,974 - INFO - Collecting news articles from online resources...
2023-05-10 15:35:35,665 - INFO - Performing sentiment analysis
2023-05-10 15:35:35,666 - ERROR - Error getting news sentiment score: argument of type 'NoneType' is not iterable
2023-05-10 15:35:35,666 - INFO - News sentiment score for SHIB-USD is 0
2023-05-10 15:35:35,666 - INFO - Visualizing data
2023-05-10 15:35:37,970 - INFO - Splitting the crypto data into features (X) and target (y)
2023-05-10 15:35:46,925 - ERROR - An error occurred: "['Close'] not in index"
Traceback (most recent call last):
  File "c:\Users\User\Documents\GitHub\CryptoSnake\CryptoSnake\main.py", line 143, in main
    predictions = model.predict(X_test)
  File "c:\Users\User\Documents\GitHub\CryptoSnake\CryptoSnake\machine_learning\models\lstm_model\lstm.py", line 33, in predict
    data_array = np.array(data[["Open", "High", "Low", "Close"]])
  File "c:\Users\User\Documents\GitHub\CryptoSnake\CryptoSnake\.venv\lib\site-packages\pandas\core\frame.py", line 3767, in __getitem__
    indexer = self.columns._get_indexer_strict(key, "columns")[1]
  File "c:\Users\User\Documents\GitHub\CryptoSnake\CryptoSnake\.venv\lib\site-packages\pandas\core\indexes\base.py", line 5876, in _get_indexer_strict
    self._raise_if_missing(keyarr, indexer, axis_name)
  File "c:\Users\User\Documents\GitHub\CryptoSnake\CryptoSnake\.venv\lib\site-packages\pandas\core\indexes\base.py", line 5938, in _raise_if_missing
    raise KeyError(f"{not_found} not in index")
KeyError: "['Close'] not in index"
2023-05-10 15:36:28,872 - INFO - Program started
2023-05-10 15:36:31,808 - INFO - Selected ticker: SHIB-USD
2023-05-10 15:36:31,808 - INFO - Selected ticker image URL: selected_ticker_image.png
2023-05-10 15:36:31,810 - INFO - Collecting crypto data from online resources...
2023-05-10 15:36:31,810 - INFO - Retrieving historical data for SHIB-USD
2023-05-10 15:36:31,811 - INFO - Retrieved data for {config.selected_ticker}
2023-05-10 15:36:32,044 - INFO - Retrieved historical data for {config.selected_ticker}
2023-05-10 15:36:32,046 - INFO - Filtered data for {config.selected_ticker}
2023-05-10 15:36:32,070 - INFO - Performing data analysis
2023-05-10 15:36:32,077 - INFO - Collecting news articles from online resources...
2023-05-10 15:36:32,687 - INFO - Performing sentiment analysis
2023-05-10 15:36:32,688 - ERROR - Error getting news sentiment score: argument of type 'NoneType' is not iterable
2023-05-10 15:36:32,689 - INFO - News sentiment score for SHIB-USD is 0
2023-05-10 15:36:32,689 - INFO - Visualizing data
2023-05-10 15:37:16,425 - INFO - Splitting the crypto data into features (X) and target (y)
2023-05-10 15:44:16,180 - ERROR - An error occurred: only integers, slices (`:`), ellipsis (`...`), numpy.newaxis (`None`) and integer or boolean arrays are valid indices
Traceback (most recent call last):
  File "c:\Users\User\Documents\GitHub\CryptoSnake\CryptoSnake\main.py", line 146, in main
    mse = model.evaluate(np.array(X_test), np.array(y_test))
  File "c:\Users\User\Documents\GitHub\CryptoSnake\CryptoSnake\machine_learning\models\lstm_model\lstm.py", line 44, in evaluate
    data_array = np.array(data[["Open", "High", "Low"]])
IndexError: only integers, slices (`:`), ellipsis (`...`), numpy.newaxis (`None`) and integer or boolean arrays are valid indices
2023-05-10 15:49:01,498 - INFO - Program started
2023-05-10 15:49:04,631 - INFO - Selected ticker: BTC-USD
2023-05-10 15:49:04,631 - INFO - Selected ticker image URL: selected_ticker_image.png
2023-05-10 15:49:04,632 - INFO - Collecting crypto data from online resources...
2023-05-10 15:49:04,633 - INFO - Retrieving historical data for BTC-USD
2023-05-10 15:49:04,634 - INFO - Retrieved data for {config.selected_ticker}
2023-05-10 15:49:04,908 - INFO - Retrieved historical data for {config.selected_ticker}
2023-05-10 15:49:04,910 - INFO - Filtered data for {config.selected_ticker}
2023-05-10 15:49:04,933 - INFO - Performing data analysis
2023-05-10 15:49:04,941 - INFO - Collecting news articles from online resources...
2023-05-10 15:49:05,713 - INFO - Performing sentiment analysis
2023-05-10 15:49:05,714 - ERROR - Error getting news sentiment score: argument of type 'NoneType' is not iterable
2023-05-10 15:49:05,714 - INFO - News sentiment score for BTC-USD is 0
2023-05-10 15:49:05,714 - INFO - Visualizing data
2023-05-10 15:49:11,573 - INFO - Splitting the crypto data into features (X) and target (y)
2023-05-10 15:53:39,043 - ERROR - An error occurred: only integers, slices (`:`), ellipsis (`...`), numpy.newaxis (`None`) and integer or boolean arrays are valid indices
Traceback (most recent call last):
  File "c:\Users\User\Documents\GitHub\CryptoSnake\CryptoSnake\main.py", line 146, in main
    mse = model.evaluate(np.array(X_test), np.array(y_test))
  File "c:\Users\User\Documents\GitHub\CryptoSnake\CryptoSnake\machine_learning\models\lstm_model\lstm.py", line 44, in evaluate
    data_array = np.array(data[["Open", "High", "Low"]])
IndexError: only integers, slices (`:`), ellipsis (`...`), numpy.newaxis (`None`) and integer or boolean arrays are valid indices
2023-05-10 15:59:05,706 - INFO - Program started
2023-05-10 15:59:10,599 - INFO - Selected ticker: SHIB-USD
2023-05-10 15:59:10,599 - INFO - Selected ticker image URL: selected_ticker_image.png
2023-05-10 15:59:10,601 - INFO - Collecting crypto data from online resources...
2023-05-10 15:59:10,602 - INFO - Retrieving historical data for SHIB-USD
2023-05-10 15:59:10,603 - INFO - Retrieved data for {config.selected_ticker}
2023-05-10 15:59:10,832 - INFO - Retrieved historical data for {config.selected_ticker}
2023-05-10 15:59:10,835 - INFO - Filtered data for {config.selected_ticker}
2023-05-10 15:59:10,863 - INFO - Performing data analysis
2023-05-10 15:59:10,873 - INFO - Collecting news articles from online resources...
2023-05-10 15:59:11,582 - INFO - Performing sentiment analysis
2023-05-10 15:59:11,582 - ERROR - Error getting news sentiment score: argument of type 'NoneType' is not iterable
2023-05-10 15:59:11,583 - INFO - News sentiment score for SHIB-USD is 0
2023-05-10 15:59:11,583 - INFO - Visualizing data
2023-05-10 15:59:14,016 - INFO - Splitting the crypto data into features (X) and target (y)
2023-05-10 15:59:39,339 - ERROR - An error occurred: only integers, slices (`:`), ellipsis (`...`), numpy.newaxis (`None`) and integer or boolean arrays are valid indices
Traceback (most recent call last):
  File "c:\Users\User\Documents\GitHub\CryptoSnake\CryptoSnake\main.py", line 146, in main
    mse = model.evaluate(np.array(X_test), np.array(y_test))
  File "c:\Users\User\Documents\GitHub\CryptoSnake\CryptoSnake\machine_learning\models\lstm_model\lstm.py", line 44, in evaluate
    data = np.array(data[["Open", "High", "Low"]])
IndexError: only integers, slices (`:`), ellipsis (`...`), numpy.newaxis (`None`) and integer or boolean arrays are valid indices
2023-05-10 16:02:02,942 - INFO - Program started
2023-05-10 16:02:05,831 - INFO - Selected ticker: BTC-USD
2023-05-10 16:02:05,831 - INFO - Selected ticker image URL: selected_ticker_image.png
2023-05-10 16:02:05,833 - INFO - Collecting crypto data from online resources...
2023-05-10 16:02:05,834 - INFO - Retrieving historical data for BTC-USD
2023-05-10 16:02:05,835 - INFO - Retrieved data for {config.selected_ticker}
2023-05-10 16:02:06,100 - INFO - Retrieved historical data for {config.selected_ticker}
2023-05-10 16:02:06,102 - INFO - Filtered data for {config.selected_ticker}
2023-05-10 16:02:06,123 - INFO - Performing data analysis
2023-05-10 16:02:06,132 - INFO - Collecting news articles from online resources...
2023-05-10 16:02:06,885 - INFO - Performing sentiment analysis
2023-05-10 16:02:06,885 - ERROR - Error getting news sentiment score: argument of type 'NoneType' is not iterable
2023-05-10 16:02:06,885 - INFO - News sentiment score for BTC-USD is 0
2023-05-10 16:02:06,885 - INFO - Visualizing data
2023-05-10 16:02:13,015 - INFO - Splitting the crypto data into features (X) and target (y)
2023-05-10 16:03:43,088 - ERROR - An error occurred: only integers, slices (`:`), ellipsis (`...`), numpy.newaxis (`None`) and integer or boolean arrays are valid indices
Traceback (most recent call last):
  File "c:\Users\User\Documents\GitHub\CryptoSnake\CryptoSnake\main.py", line 146, in main
    mse = model.evaluate(np.array(X_test), np.array(y_test))
  File "c:\Users\User\Documents\GitHub\CryptoSnake\CryptoSnake\machine_learning\models\lstm_model\lstm.py", line 43, in evaluate
    data_array = np.array(data[["Open", "High", "Low"]])
IndexError: only integers, slices (`:`), ellipsis (`...`), numpy.newaxis (`None`) and integer or boolean arrays are valid indices
2023-05-10 16:06:20,501 - INFO - Program started
2023-05-10 16:11:49,733 - INFO - Program started
2023-05-10 16:11:52,959 - INFO - Selected ticker: SHIB-USD
2023-05-10 16:11:52,959 - INFO - Selected ticker image URL: selected_ticker_image.png
2023-05-10 16:11:52,961 - INFO - Collecting crypto data from online resources...
2023-05-10 16:11:52,962 - INFO - Retrieving historical data for SHIB-USD
2023-05-10 16:11:52,962 - INFO - Retrieved data for {config.selected_ticker}
2023-05-10 16:11:53,183 - INFO - Retrieved historical data for {config.selected_ticker}
2023-05-10 16:11:53,185 - INFO - Filtered data for {config.selected_ticker}
2023-05-10 16:11:53,208 - INFO - Performing data analysis
2023-05-10 16:11:53,214 - INFO - Collecting news articles from online resources...
2023-05-10 16:11:54,128 - INFO - Performing sentiment analysis
2023-05-10 16:11:54,128 - ERROR - Error getting news sentiment score: argument of type 'NoneType' is not iterable
2023-05-10 16:11:54,128 - INFO - News sentiment score for SHIB-USD is 0
2023-05-10 16:11:54,129 - INFO - Visualizing data
2023-05-10 16:11:56,441 - INFO - Splitting the crypto data into features (X) and target (y)
2023-05-10 16:13:17,753 - ERROR - An error occurred: only integers, slices (`:`), ellipsis (`...`), numpy.newaxis (`None`) and integer or boolean arrays are valid indices
Traceback (most recent call last):
  File "c:\Users\User\Documents\GitHub\CryptoSnake\CryptoSnake\main.py", line 146, in main
    mse = model.evaluate(np.array(X_test), np.array(y_test))
  File "c:\Users\User\Documents\GitHub\CryptoSnake\CryptoSnake\machine_learning\models\lstm_model\lstm.py", line 43, in evaluate
    data_array = np.array(data[["Open", "High", "Low"]])
IndexError: only integers, slices (`:`), ellipsis (`...`), numpy.newaxis (`None`) and integer or boolean arrays are valid indices
2023-05-10 16:13:43,262 - INFO - Program started
2023-05-10 16:13:46,011 - INFO - Selected ticker: SHIB-USD
2023-05-10 16:13:46,011 - INFO - Selected ticker image URL: selected_ticker_image.png
2023-05-10 16:13:46,013 - INFO - Collecting crypto data from online resources...
2023-05-10 16:13:46,013 - INFO - Retrieving historical data for SHIB-USD
2023-05-10 16:13:46,014 - INFO - Retrieved data for {config.selected_ticker}
2023-05-10 16:13:46,205 - INFO - Retrieved historical data for {config.selected_ticker}
2023-05-10 16:13:46,207 - INFO - Filtered data for {config.selected_ticker}
2023-05-10 16:13:46,229 - INFO - Performing data analysis
2023-05-10 16:13:46,236 - INFO - Collecting news articles from online resources...
2023-05-10 16:13:47,092 - INFO - Performing sentiment analysis
2023-05-10 16:13:47,092 - ERROR - Error getting news sentiment score: argument of type 'NoneType' is not iterable
2023-05-10 16:13:47,092 - INFO - News sentiment score for SHIB-USD is 0
2023-05-10 16:13:47,093 - INFO - Visualizing data
2023-05-10 16:13:49,418 - INFO - Splitting the crypto data into features (X) and target (y)
2023-05-10 16:15:22,042 - ERROR - An error occurred: only integers, slices (`:`), ellipsis (`...`), numpy.newaxis (`None`) and integer or boolean arrays are valid indices
Traceback (most recent call last):
  File "c:\Users\User\Documents\GitHub\CryptoSnake\CryptoSnake\main.py", line 146, in main
    mse = model.evaluate(np.array(X_test), np.array(y_test))
  File "c:\Users\User\Documents\GitHub\CryptoSnake\CryptoSnake\machine_learning\models\lstm_model\lstm.py", line 43, in evaluate
    data_array = np.array(data[["Open", "High", "Low"]])
IndexError: only integers, slices (`:`), ellipsis (`...`), numpy.newaxis (`None`) and integer or boolean arrays are valid indices
2023-05-10 16:15:47,537 - INFO - Program started
2023-05-10 16:16:49,030 - INFO - Selected ticker: SHIB-USD
2023-05-10 16:16:49,030 - INFO - Selected ticker image URL: selected_ticker_image.png
2023-05-10 16:16:49,032 - INFO - Collecting crypto data from online resources...
2023-05-10 16:16:49,032 - INFO - Retrieving historical data for SHIB-USD
2023-05-10 16:16:49,033 - INFO - Retrieved data for {config.selected_ticker}
2023-05-10 16:16:49,222 - INFO - Retrieved historical data for {config.selected_ticker}
2023-05-10 16:16:49,224 - INFO - Filtered data for {config.selected_ticker}
2023-05-10 16:16:49,248 - INFO - Performing data analysis
2023-05-10 16:16:49,256 - INFO - Collecting news articles from online resources...
2023-05-10 16:16:50,002 - INFO - Performing sentiment analysis
2023-05-10 16:16:50,002 - ERROR - Error getting news sentiment score: argument of type 'NoneType' is not iterable
2023-05-10 16:16:50,002 - INFO - News sentiment score for SHIB-USD is 0
2023-05-10 16:16:50,002 - INFO - Visualizing data
2023-05-10 16:22:13,430 - INFO - Program started
2023-05-10 16:22:31,282 - INFO - Selected ticker: SHIB-USD
2023-05-10 16:22:31,282 - INFO - Selected ticker image URL: selected_ticker_image.png
2023-05-10 16:22:31,283 - INFO - Collecting crypto data from online resources...
2023-05-10 16:22:31,284 - INFO - Retrieving historical data for SHIB-USD
2023-05-10 16:22:31,285 - INFO - Retrieved data for {config.selected_ticker}
2023-05-10 16:22:31,565 - INFO - Retrieved historical data for {config.selected_ticker}
2023-05-10 16:22:31,568 - ERROR - An error occurred: local variable 'crypto_data' referenced before assignment
Traceback (most recent call last):
  File "c:\Users\User\Documents\GitHub\CryptoSnake\CryptoSnake\main.py", line 64, in main
    crypto_data = get_crypto_data()
  File "c:\Users\User\Documents\GitHub\CryptoSnake\CryptoSnake\data_collection\crypto_data.py", line 27, in get_crypto_data
    null_locations = crypto_data.isnull()
UnboundLocalError: local variable 'crypto_data' referenced before assignment
2023-05-10 16:25:41,611 - INFO - Program started
2023-05-10 16:25:44,986 - INFO - Selected ticker: SHIB-USD
2023-05-10 16:25:44,986 - INFO - Selected ticker image URL: selected_ticker_image.png
2023-05-10 16:25:44,988 - INFO - Collecting crypto data from online resources...
2023-05-10 16:25:44,988 - INFO - Retrieving historical data for SHIB-USD
2023-05-10 16:25:44,989 - INFO - Retrieved data for {config.selected_ticker}
2023-05-10 16:25:45,193 - INFO - Retrieved historical data for {config.selected_ticker}
2023-05-10 16:25:45,196 - INFO - Filtered data for {config.selected_ticker}
2023-05-10 16:25:45,222 - ERROR - An error occurred: Unalignable boolean Series provided as indexer (index of the boolean Series and of the indexed object do not match).
Traceback (most recent call last):
  File "c:\Users\User\Documents\GitHub\CryptoSnake\CryptoSnake\main.py", line 73, in main
    null_rows = null_locations[null_columns].index
  File "c:\Users\User\Documents\GitHub\CryptoSnake\CryptoSnake\.venv\lib\site-packages\pandas\core\frame.py", line 3752, in __getitem__
    return self._getitem_bool_array(key)
  File "c:\Users\User\Documents\GitHub\CryptoSnake\CryptoSnake\.venv\lib\site-packages\pandas\core\frame.py", line 3805, in _getitem_bool_array
    key = check_bool_indexer(self.index, key)
  File "c:\Users\User\Documents\GitHub\CryptoSnake\CryptoSnake\.venv\lib\site-packages\pandas\core\indexing.py", line 2499, in check_bool_indexer
    raise IndexingError(
pandas.errors.IndexingError: Unalignable boolean Series provided as indexer (index of the boolean Series and of the indexed object do not match).
2023-05-10 16:26:23,546 - INFO - Program started
2023-05-10 16:26:38,711 - INFO - Selected ticker: USDT-USD
2023-05-10 16:26:38,711 - INFO - Selected ticker image URL: selected_ticker_image.png
2023-05-10 16:26:38,713 - INFO - Collecting crypto data from online resources...
2023-05-10 16:26:38,714 - INFO - Retrieving historical data for USDT-USD
2023-05-10 16:26:38,714 - INFO - Retrieved data for {config.selected_ticker}
2023-05-10 16:26:38,998 - INFO - Retrieved historical data for {config.selected_ticker}
2023-05-10 16:26:39,000 - INFO - Filtered data for {config.selected_ticker}
2023-05-10 16:26:39,025 - INFO - Performing data analysis
2023-05-10 16:26:39,032 - INFO - Collecting news articles from online resources...
2023-05-10 16:26:39,645 - INFO - Performing sentiment analysis
2023-05-10 16:26:39,809 - ERROR - Error getting sentiment score: The `text` argument passed to `__init__(text)` must be a string, not <class 'NoneType'>
2023-05-10 16:26:39,811 - ERROR - Error getting news sentiment score: argument of type 'NoneType' is not iterable
2023-05-10 16:26:39,811 - INFO - News sentiment score for USDT-USD is 0
2023-05-10 16:26:39,811 - INFO - Visualizing data
2023-05-10 16:26:43,949 - INFO - Splitting the crypto data into features (X) and target (y)
2023-05-10 16:29:19,958 - ERROR - An error occurred: only integers, slices (`:`), ellipsis (`...`), numpy.newaxis (`None`) and integer or boolean arrays are valid indices
Traceback (most recent call last):
  File "c:\Users\User\Documents\GitHub\CryptoSnake\CryptoSnake\main.py", line 146, in main
    mse = model.evaluate(np.array(X_test), np.array(y_test))
  File "c:\Users\User\Documents\GitHub\CryptoSnake\CryptoSnake\machine_learning\models\lstm_model\lstm.py", line 43, in evaluate
    data_array = np.array(data[["Open", "High", "Low"]])
IndexError: only integers, slices (`:`), ellipsis (`...`), numpy.newaxis (`None`) and integer or boolean arrays are valid indices
2023-05-10 16:29:31,532 - INFO - Program started
2023-05-10 16:29:34,709 - INFO - Selected ticker: ARB-USD
2023-05-10 16:29:34,710 - INFO - Selected ticker image URL: selected_ticker_image.png
2023-05-10 16:29:34,711 - INFO - Collecting crypto data from online resources...
2023-05-10 16:29:34,712 - INFO - Retrieving historical data for ARB-USD
2023-05-10 16:29:34,713 - INFO - Retrieved data for {config.selected_ticker}
2023-05-10 16:29:34,957 - INFO - Retrieved historical data for {config.selected_ticker}
2023-05-10 16:29:34,959 - INFO - Filtered data for {config.selected_ticker}
2023-05-10 16:29:34,985 - INFO - Performing data analysis
2023-05-10 16:29:34,992 - INFO - Collecting news articles from online resources...
2023-05-10 16:29:35,718 - INFO - Performing sentiment analysis
2023-05-10 16:29:35,879 - ERROR - Error getting sentiment score: The `text` argument passed to `__init__(text)` must be a string, not <class 'NoneType'>
2023-05-10 16:29:35,880 - ERROR - Error getting sentiment score: The `text` argument passed to `__init__(text)` must be a string, not <class 'NoneType'>
2023-05-10 16:29:35,880 - ERROR - Error getting sentiment score: The `text` argument passed to `__init__(text)` must be a string, not <class 'NoneType'>
2023-05-10 16:29:35,880 - ERROR - Error getting sentiment score: The `text` argument passed to `__init__(text)` must be a string, not <class 'NoneType'>
2023-05-10 16:29:35,887 - INFO - News sentiment score for ARB-USD is -1.0601866883116884
2023-05-10 16:29:35,887 - INFO - Visualizing data
2023-05-10 16:29:39,829 - INFO - Splitting the crypto data into features (X) and target (y)
2023-05-10 16:30:40,267 - ERROR - An error occurred: only integers, slices (`:`), ellipsis (`...`), numpy.newaxis (`None`) and integer or boolean arrays are valid indices
Traceback (most recent call last):
  File "c:\Users\User\Documents\GitHub\CryptoSnake\CryptoSnake\main.py", line 146, in main
    mse = model.evaluate(np.array(X_test), np.array(y_test))
  File "c:\Users\User\Documents\GitHub\CryptoSnake\CryptoSnake\machine_learning\models\lstm_model\lstm.py", line 43, in evaluate
    data_array = np.array(data[["Open", "High", "Low"]])
IndexError: only integers, slices (`:`), ellipsis (`...`), numpy.newaxis (`None`) and integer or boolean arrays are valid indices
2023-05-10 16:36:45,818 - INFO - Program started
2023-05-10 16:36:51,880 - INFO - Selected ticker: SHIB-USD
2023-05-10 16:36:51,880 - INFO - Selected ticker image URL: selected_ticker_image.png
2023-05-10 16:36:51,882 - INFO - Collecting crypto data from online resources...
2023-05-10 16:36:51,882 - INFO - Retrieving historical data for SHIB-USD
2023-05-10 16:36:51,883 - INFO - Retrieved data for {config.selected_ticker}
2023-05-10 16:36:52,122 - INFO - Retrieved historical data for {config.selected_ticker}
2023-05-10 16:36:52,125 - INFO - Filtered data for {config.selected_ticker}
2023-05-10 16:36:52,149 - INFO - Performing data analysis
2023-05-10 16:36:52,156 - INFO - Collecting news articles from online resources...
2023-05-10 16:36:52,867 - INFO - Performing sentiment analysis
2023-05-10 16:36:52,867 - ERROR - Error getting news sentiment score: argument of type 'NoneType' is not iterable
2023-05-10 16:36:52,868 - INFO - News sentiment score for SHIB-USD is 0
2023-05-10 16:36:52,868 - INFO - Visualizing data
2023-05-10 16:36:55,405 - INFO - Splitting the crypto data into features (X) and target (y)
2023-05-10 16:37:20,389 - ERROR - An error occurred: only integers, slices (`:`), ellipsis (`...`), numpy.newaxis (`None`) and integer or boolean arrays are valid indices
Traceback (most recent call last):
  File "c:\Users\User\Documents\GitHub\CryptoSnake\CryptoSnake\main.py", line 150, in main
    mse = model.evaluate(X_test_np, y_test_np)
  File "c:\Users\User\Documents\GitHub\CryptoSnake\CryptoSnake\machine_learning\models\lstm_model\lstm.py", line 43, in evaluate
    data_array = np.array(data[["Open", "High", "Low"]])
IndexError: only integers, slices (`:`), ellipsis (`...`), numpy.newaxis (`None`) and integer or boolean arrays are valid indices
2023-05-10 16:38:58,374 - INFO - Program started
2023-05-10 16:39:15,333 - INFO - Selected ticker: FRAX-USD
2023-05-10 16:39:15,333 - INFO - Selected ticker image URL: selected_ticker_image.png
2023-05-10 16:39:15,334 - INFO - Collecting crypto data from online resources...
2023-05-10 16:39:15,335 - INFO - Retrieving historical data for FRAX-USD
2023-05-10 16:39:15,335 - INFO - Retrieved data for {config.selected_ticker}
2023-05-10 16:39:15,682 - INFO - Retrieved historical data for {config.selected_ticker}
2023-05-10 16:39:15,684 - INFO - Filtered data for {config.selected_ticker}
2023-05-10 16:39:15,705 - INFO - Performing data analysis
2023-05-10 16:39:15,713 - INFO - Collecting news articles from online resources...
2023-05-10 16:39:16,262 - INFO - Performing sentiment analysis
2023-05-10 16:39:16,262 - ERROR - Error getting news sentiment score: 'NoneType' object is not iterable
2023-05-10 16:39:16,262 - INFO - News sentiment score for FRAX-USD is 0
2023-05-10 16:39:16,263 - INFO - Visualizing data
2023-05-10 16:39:18,806 - INFO - Splitting the crypto data into features (X) and target (y)
2023-05-10 16:39:48,382 - ERROR - An error occurred: only integers, slices (`:`), ellipsis (`...`), numpy.newaxis (`None`) and integer or boolean arrays are valid indices
Traceback (most recent call last):
  File "c:\Users\User\Documents\GitHub\CryptoSnake\CryptoSnake\main.py", line 150, in main
    mse = model.evaluate(X_test_np, y_test_np)
  File "c:\Users\User\Documents\GitHub\CryptoSnake\CryptoSnake\machine_learning\models\lstm_model\lstm.py", line 43, in evaluate
    data_array = np.array(data[["Open", "High", "Low"]])
IndexError: only integers, slices (`:`), ellipsis (`...`), numpy.newaxis (`None`) and integer or boolean arrays are valid indices
2023-05-10 16:41:38,545 - INFO - Program started
2023-05-10 16:41:43,311 - INFO - Selected ticker: SHIB-USD
2023-05-10 16:41:43,312 - INFO - Selected ticker image URL: selected_ticker_image.png
2023-05-10 16:41:43,313 - INFO - Collecting crypto data from online resources...
2023-05-10 16:41:43,314 - INFO - Retrieving historical data for SHIB-USD
2023-05-10 16:41:43,315 - INFO - Retrieved data for {config.selected_ticker}
2023-05-10 16:41:43,540 - INFO - Retrieved historical data for {config.selected_ticker}
2023-05-10 16:41:43,542 - INFO - Filtered data for {config.selected_ticker}
2023-05-10 16:41:43,570 - INFO - Performing data analysis
2023-05-10 16:41:43,579 - INFO - Collecting news articles from online resources...
2023-05-10 16:41:44,293 - INFO - Performing sentiment analysis
2023-05-10 16:41:44,293 - ERROR - Error getting news sentiment score: argument of type 'NoneType' is not iterable
2023-05-10 16:41:44,293 - INFO - News sentiment score for SHIB-USD is 0
2023-05-10 16:41:44,294 - INFO - Visualizing data
2023-05-10 16:41:46,898 - INFO - Splitting the crypto data into features (X) and target (y)
2023-05-10 16:44:30,209 - INFO - Program started
2023-05-10 16:44:32,752 - INFO - Selected ticker: SHIB-USD
2023-05-10 16:44:32,752 - INFO - Selected ticker image URL: selected_ticker_image.png
2023-05-10 16:44:32,753 - INFO - Collecting crypto data from online resources...
2023-05-10 16:44:32,754 - INFO - Retrieving historical data for SHIB-USD
2023-05-10 16:44:32,755 - INFO - Retrieved data for {config.selected_ticker}
2023-05-10 16:44:32,943 - INFO - Retrieved historical data for {config.selected_ticker}
2023-05-10 16:44:32,945 - INFO - Filtered data for {config.selected_ticker}
2023-05-10 16:44:32,977 - INFO - Performing data analysis
2023-05-10 16:44:32,986 - INFO - Collecting news articles from online resources...
2023-05-10 16:44:33,738 - INFO - Performing sentiment analysis
2023-05-10 16:44:33,738 - ERROR - Error getting news sentiment score: argument of type 'NoneType' is not iterable
2023-05-10 16:44:33,738 - INFO - News sentiment score for SHIB-USD is 0
2023-05-10 16:44:33,738 - INFO - Visualizing data
2023-05-10 16:44:36,169 - INFO - Splitting the crypto data into features (X) and target (y)
2023-05-10 16:45:01,466 - ERROR - An error occurred: only integers, slices (`:`), ellipsis (`...`), numpy.newaxis (`None`) and integer or boolean arrays are valid indices
Traceback (most recent call last):
  File "c:\Users\User\Documents\GitHub\CryptoSnake\CryptoSnake\main.py", line 150, in main
    mse = model.evaluate(X_test_np, y_test_np)
  File "c:\Users\User\Documents\GitHub\CryptoSnake\CryptoSnake\machine_learning\models\lstm_model\lstm.py", line 43, in evaluate
    data_array = data[["Open", "High", "Low"]].values
IndexError: only integers, slices (`:`), ellipsis (`...`), numpy.newaxis (`None`) and integer or boolean arrays are valid indices
2023-05-10 16:53:08,412 - INFO - Program started
2023-05-10 16:53:11,159 - INFO - Selected ticker: SHIB-USD
2023-05-10 16:53:11,160 - INFO - Selected ticker image URL: selected_ticker_image.png
2023-05-10 16:53:11,162 - INFO - Collecting crypto data from online resources...
2023-05-10 16:53:11,162 - INFO - Retrieving historical data for SHIB-USD
2023-05-10 16:53:11,163 - INFO - Retrieved data for {config.selected_ticker}
2023-05-10 16:53:11,369 - INFO - Retrieved historical data for {config.selected_ticker}
2023-05-10 16:53:11,372 - INFO - Filtered data for {config.selected_ticker}
2023-05-10 16:53:11,396 - INFO - Performing data analysis
2023-05-10 16:53:11,403 - INFO - Collecting news articles from online resources...
2023-05-10 16:53:12,108 - INFO - Performing sentiment analysis
2023-05-10 16:53:12,109 - ERROR - Error getting news sentiment score: argument of type 'NoneType' is not iterable
2023-05-10 16:53:12,109 - INFO - News sentiment score for SHIB-USD is 0
2023-05-10 16:53:12,109 - INFO - Visualizing data
2023-05-10 16:53:14,702 - INFO - Splitting the crypto data into features (X) and target (y)
2023-05-10 16:53:51,169 - INFO - Mean squared error on test set: 2.433823053859016e-10
2023-05-10 16:53:51,171 - ERROR - An error occurred: Start and end cannot both be tz-aware with different timezones
Traceback (most recent call last):
  File "c:\Users\User\Documents\GitHub\CryptoSnake\CryptoSnake\.venv\lib\site-packages\pandas\core\arrays\datetimes.py", line 2423, in _infer_tz_from_endpoints
    inferred_tz = timezones.infer_tzinfo(start, end)
  File "pandas\_libs\tslibs\timezones.pyx", line 368, in pandas._libs.tslibs.timezones.infer_tzinfo
AssertionError: Inputs must both have the same timezone, UTC != None

The above exception was the direct cause of the following exception:

Traceback (most recent call last):
  File "c:\Users\User\Documents\GitHub\CryptoSnake\CryptoSnake\main.py", line 157, in main
    date_range = pd.date_range(start=start_date, end=end_date, freq='D')
  File "c:\Users\User\Documents\GitHub\CryptoSnake\CryptoSnake\.venv\lib\site-packages\pandas\core\indexes\datetimes.py", line 945, in date_range
    dtarr = DatetimeArray._generate_range(
  File "c:\Users\User\Documents\GitHub\CryptoSnake\CryptoSnake\.venv\lib\site-packages\pandas\core\arrays\datetimes.py", line 422, in _generate_range
    tz = _infer_tz_from_endpoints(start, end, tz)
  File "c:\Users\User\Documents\GitHub\CryptoSnake\CryptoSnake\.venv\lib\site-packages\pandas\core\arrays\datetimes.py", line 2426, in _infer_tz_from_endpoints
    raise TypeError(
TypeError: Start and end cannot both be tz-aware with different timezones
2023-05-10 16:55:08,829 - INFO - Program started
2023-05-10 16:56:12,946 - INFO - Program started
2023-05-10 16:56:18,875 - INFO - Selected ticker: SHIB-USD
2023-05-10 16:56:18,875 - INFO - Selected ticker image URL: selected_ticker_image.png
2023-05-10 16:56:18,877 - INFO - Collecting crypto data from online resources...
2023-05-10 16:56:18,878 - INFO - Retrieving historical data for SHIB-USD
2023-05-10 16:56:18,879 - INFO - Retrieved data for {config.selected_ticker}
2023-05-10 16:56:19,094 - INFO - Retrieved historical data for {config.selected_ticker}
2023-05-10 16:56:19,097 - INFO - Filtered data for {config.selected_ticker}
2023-05-10 16:56:19,123 - INFO - Performing data analysis
2023-05-10 16:56:19,130 - INFO - Collecting news articles from online resources...
2023-05-10 16:56:19,835 - INFO - Performing sentiment analysis
2023-05-10 16:56:19,835 - ERROR - Error getting news sentiment score: argument of type 'NoneType' is not iterable
2023-05-10 16:56:19,836 - INFO - News sentiment score for SHIB-USD is 0
2023-05-10 16:56:19,836 - INFO - Visualizing data
2023-05-10 16:56:22,351 - INFO - Splitting the crypto data into features (X) and target (y)
2023-05-10 16:57:00,055 - INFO - Mean squared error on test set: 3.742238135107316e-09
2023-05-10 16:57:00,056 - ERROR - An error occurred: local variable 'start_date' referenced before assignment
Traceback (most recent call last):
  File "c:\Users\User\Documents\GitHub\CryptoSnake\CryptoSnake\main.py", line 156, in main
    start_date = start_date.replace(tzinfo=None)
UnboundLocalError: local variable 'start_date' referenced before assignment
2023-05-10 16:59:52,955 - INFO - Program started
2023-05-10 17:00:03,036 - INFO - Selected ticker: SHIB-USD
2023-05-10 17:00:03,036 - INFO - Selected ticker image URL: selected_ticker_image.png
2023-05-10 17:00:03,037 - INFO - Collecting crypto data from online resources...
2023-05-10 17:00:03,038 - INFO - Retrieving historical data for SHIB-USD
2023-05-10 17:00:03,039 - INFO - Retrieved data for {config.selected_ticker}
2023-05-10 17:00:03,244 - INFO - Retrieved historical data for {config.selected_ticker}
2023-05-10 17:00:03,248 - INFO - Filtered data for {config.selected_ticker}
2023-05-10 17:00:03,269 - INFO - Performing data analysis
2023-05-10 17:00:03,277 - INFO - Collecting news articles from online resources...
2023-05-10 17:00:04,135 - INFO - Performing sentiment analysis
2023-05-10 17:00:04,135 - ERROR - Error getting news sentiment score: argument of type 'NoneType' is not iterable
2023-05-10 17:00:04,136 - INFO - News sentiment score for SHIB-USD is 0
2023-05-10 17:00:04,136 - INFO - Visualizing data
2023-05-10 17:00:06,528 - INFO - Splitting the crypto data into features (X) and target (y)
2023-05-10 17:00:42,688 - INFO - Mean squared error on test set: 6.115649624930363e-09
2023-05-10 17:00:42,689 - ERROR - An error occurred: name 'date_range' is not defined
Traceback (most recent call last):
  File "c:\Users\User\Documents\GitHub\CryptoSnake\CryptoSnake\main.py", line 156, in main
    predicted_trace = go.Scatter(x=date_range, y=predictions.flatten(), name='Predicted')
NameError: name 'date_range' is not defined
2023-05-10 17:05:47,345 - INFO - Program started
2023-05-10 17:05:48,746 - INFO - Selected ticker: SHIB-USD
2023-05-10 17:05:48,746 - INFO - Selected ticker image URL: selected_ticker_image.png
2023-05-10 17:05:48,748 - INFO - Collecting crypto data from online resources...
2023-05-10 17:05:48,748 - INFO - Retrieving historical data for SHIB-USD
2023-05-10 17:05:48,749 - INFO - Retrieved data for {config.selected_ticker}
2023-05-10 17:05:48,946 - INFO - Retrieved historical data for {config.selected_ticker}
2023-05-10 17:05:48,949 - INFO - Filtered data for {config.selected_ticker}
2023-05-10 17:05:48,974 - INFO - Performing data analysis
2023-05-10 17:05:48,982 - INFO - Collecting news articles from online resources...
2023-05-10 17:05:49,714 - INFO - Performing sentiment analysis
2023-05-10 17:05:49,714 - ERROR - Error getting news sentiment score: argument of type 'NoneType' is not iterable
2023-05-10 17:05:49,715 - INFO - News sentiment score for SHIB-USD is 0
2023-05-10 17:05:49,715 - INFO - Visualizing data
2023-05-10 17:05:52,228 - INFO - Splitting the crypto data into features (X) and target (y)
2023-05-10 17:06:30,007 - INFO - Mean squared error on test set: 2.80371961596179e-10
2023-05-10 17:06:30,008 - ERROR - An error occurred: local variable 'start_date' referenced before assignment
Traceback (most recent call last):
  File "c:\Users\User\Documents\GitHub\CryptoSnake\CryptoSnake\main.py", line 156, in main
    start_date = start_date.replace(tzinfo=None)
UnboundLocalError: local variable 'start_date' referenced before assignment
2023-05-10 17:11:35,103 - INFO - Program started
2023-05-10 17:11:37,756 - INFO - Selected ticker: APT-USD
2023-05-10 17:11:37,756 - INFO - Selected ticker image URL: selected_ticker_image.png
2023-05-10 17:11:37,758 - INFO - Collecting crypto data from online resources...
2023-05-10 17:11:37,758 - INFO - Retrieving historical data for APT-USD
2023-05-10 17:11:37,759 - INFO - Retrieved data for {config.selected_ticker}
2023-05-10 17:11:37,965 - INFO - Retrieved historical data for {config.selected_ticker}
2023-05-10 17:11:37,966 - INFO - Filtered data for {config.selected_ticker}
2023-05-10 17:11:37,993 - INFO - Performing data analysis
2023-05-10 17:11:38,000 - INFO - Collecting news articles from online resources...
2023-05-10 17:11:38,515 - INFO - Performing sentiment analysis
2023-05-10 17:11:38,516 - INFO - News sentiment score for APT-USD is 0
2023-05-10 17:11:38,516 - INFO - Visualizing data
2023-05-10 17:11:40,782 - INFO - Splitting the crypto data into features (X) and target (y)
2023-05-10 17:12:24,306 - INFO - Mean squared error on test set: 0.003175590274119258
2023-05-10 17:12:24,307 - ERROR - An error occurred: local variable 'start_date' referenced before assignment
Traceback (most recent call last):
  File "c:\Users\User\Documents\GitHub\CryptoSnake\CryptoSnake\main.py", line 156, in main
    start_date = start_date.replace(tzinfo=None)
UnboundLocalError: local variable 'start_date' referenced before assignment
2023-05-10 17:16:22,207 - INFO - Program started
2023-05-10 17:16:23,568 - INFO - Selected ticker: SHIB-USD
2023-05-10 17:16:23,568 - INFO - Selected ticker image URL: selected_ticker_image.png
2023-05-10 17:16:23,569 - INFO - Collecting crypto data from online resources...
2023-05-10 17:16:23,570 - INFO - Retrieving historical data for SHIB-USD
2023-05-10 17:16:23,570 - INFO - Retrieved data for {config.selected_ticker}
2023-05-10 17:16:23,766 - INFO - Retrieved historical data for {config.selected_ticker}
2023-05-10 17:16:23,769 - INFO - Filtered data for {config.selected_ticker}
2023-05-10 17:16:23,794 - INFO - Performing data analysis
2023-05-10 17:16:23,800 - INFO - Collecting news articles from online resources...
2023-05-10 17:16:24,640 - INFO - Performing sentiment analysis
2023-05-10 17:16:24,640 - ERROR - Error getting news sentiment score: argument of type 'NoneType' is not iterable
2023-05-10 17:16:24,641 - INFO - News sentiment score for SHIB-USD is 0
2023-05-10 17:16:24,641 - INFO - Visualizing data
2023-05-10 17:16:27,038 - INFO - Splitting the crypto data into features (X) and target (y)
2023-05-10 17:17:21,713 - INFO - Mean squared error on test set: 1.1385587068998157e-09
2023-05-10 17:17:21,714 - ERROR - An error occurred: 'NoneType' object has no attribute 'replace'
Traceback (most recent call last):
  File "c:\Users\User\Documents\GitHub\CryptoSnake\CryptoSnake\main.py", line 157, in main
    start_date = start_date.replace(tzinfo=None)
AttributeError: 'NoneType' object has no attribute 'replace'
2023-05-10 17:23:57,031 - INFO - Program started
2023-05-10 17:24:00,190 - INFO - Selected ticker: SHIB-USD
2023-05-10 17:24:00,190 - INFO - Selected ticker image URL: selected_ticker_image.png
2023-05-10 17:24:00,192 - INFO - Collecting crypto data from online resources...
2023-05-10 17:24:00,192 - INFO - Retrieving historical data for SHIB-USD
2023-05-10 17:24:00,192 - INFO - Retrieved data for {config.selected_ticker}
2023-05-10 17:24:00,408 - INFO - Retrieved historical data for {config.selected_ticker}
2023-05-10 17:24:00,410 - INFO - Filtered data for {config.selected_ticker}
2023-05-10 17:24:00,436 - INFO - Performing data analysis
2023-05-10 17:24:00,443 - INFO - Collecting news articles from online resources...
2023-05-10 17:24:01,235 - INFO - Performing sentiment analysis
2023-05-10 17:24:01,235 - ERROR - Error getting news sentiment score: argument of type 'NoneType' is not iterable
2023-05-10 17:24:01,236 - INFO - News sentiment score for SHIB-USD is 0
2023-05-10 17:24:01,236 - INFO - Visualizing data
2023-05-10 17:24:03,744 - INFO - Splitting the crypto data into features (X) and target (y)
2023-05-10 17:24:59,727 - INFO - Mean squared error on test set: 2.4042163750888706e-10
2023-05-10 17:24:59,763 - INFO - Applying risk management strategies
2023-05-10 17:24:59,763 - ERROR - An error occurred: unsupported operand type(s) for /: 'str' and 'int'
Traceback (most recent call last):
  File "c:\Users\User\Documents\GitHub\CryptoSnake\CryptoSnake\main.py", line 168, in main
    stop_loss_order(crypto_data, config.stop_loss_threshold)
  File "c:\Users\User\Documents\GitHub\CryptoSnake\CryptoSnake\risk_management\stop_loss.py", line 8, in stop_loss_order
    stop_loss_price = price * (1 - stop_loss_percent / 100)
TypeError: unsupported operand type(s) for /: 'str' and 'int'
2023-05-10 17:26:00,277 - INFO - Program started
2023-05-10 17:26:03,094 - INFO - Selected ticker: SHIB-USD
2023-05-10 17:26:03,095 - INFO - Selected ticker image URL: selected_ticker_image.png
2023-05-10 17:26:03,096 - INFO - Collecting crypto data from online resources...
2023-05-10 17:26:03,097 - INFO - Retrieving historical data for SHIB-USD
2023-05-10 17:26:03,098 - INFO - Retrieved data for {config.selected_ticker}
2023-05-10 17:26:03,313 - INFO - Retrieved historical data for {config.selected_ticker}
2023-05-10 17:26:03,315 - INFO - Filtered data for {config.selected_ticker}
2023-05-10 17:26:03,347 - INFO - Performing data analysis
2023-05-10 17:26:03,354 - INFO - Collecting news articles from online resources...
2023-05-10 17:26:04,060 - INFO - Performing sentiment analysis
2023-05-10 17:26:04,060 - ERROR - Error getting news sentiment score: argument of type 'NoneType' is not iterable
2023-05-10 17:26:04,060 - INFO - News sentiment score for SHIB-USD is 0
2023-05-10 17:26:04,060 - INFO - Visualizing data
2023-05-10 17:26:06,719 - INFO - Splitting the crypto data into features (X) and target (y)
2023-05-10 17:27:19,976 - INFO - Mean squared error on test set: 7.833620587922612e-10
2023-05-10 17:27:20,015 - INFO - Applying risk management strategies
2023-05-10 17:27:20,015 - ERROR - An error occurred: unsupported operand type(s) for /: 'str' and 'int'
Traceback (most recent call last):
  File "c:\Users\User\Documents\GitHub\CryptoSnake\CryptoSnake\main.py", line 168, in main
    stop_loss_order(crypto_data, config.stop_loss_threshold)
  File "c:\Users\User\Documents\GitHub\CryptoSnake\CryptoSnake\risk_management\stop_loss.py", line 8, in stop_loss_order
    stop_loss_price = price * (1 - stop_loss_percent / 100)
TypeError: unsupported operand type(s) for /: 'str' and 'int'
2023-05-10 17:29:43,306 - INFO - Program started
2023-05-10 17:30:00,741 - INFO - Selected ticker: SHIB-USD
2023-05-10 17:30:00,741 - INFO - Selected ticker image URL: selected_ticker_image.png
2023-05-10 17:30:00,744 - INFO - Collecting crypto data from online resources...
2023-05-10 17:30:00,745 - INFO - Retrieving historical data for SHIB-USD
2023-05-10 17:30:00,746 - INFO - Retrieved data for {config.selected_ticker}
2023-05-10 17:30:00,990 - INFO - Retrieved historical data for {config.selected_ticker}
2023-05-10 17:30:00,992 - INFO - Filtered data for {config.selected_ticker}
2023-05-10 17:30:01,024 - INFO - Performing data analysis
2023-05-10 17:30:01,032 - INFO - Collecting news articles from online resources...
2023-05-10 17:30:02,420 - INFO - Performing sentiment analysis
2023-05-10 17:30:02,421 - ERROR - Error getting news sentiment score: argument of type 'NoneType' is not iterable
2023-05-10 17:30:02,421 - INFO - News sentiment score for SHIB-USD is 0
2023-05-10 17:30:02,421 - INFO - Visualizing data
2023-05-10 17:30:04,873 - INFO - Splitting the crypto data into features (X) and target (y)
2023-05-10 17:31:01,136 - INFO - Program started
2023-05-10 17:31:05,809 - INFO - Selected ticker: SHIB-USD
2023-05-10 17:31:05,809 - INFO - Selected ticker image URL: selected_ticker_image.png
2023-05-10 17:31:05,811 - INFO - Collecting crypto data from online resources...
2023-05-10 17:31:05,812 - INFO - Retrieving historical data for SHIB-USD
2023-05-10 17:31:05,812 - INFO - Retrieved data for {config.selected_ticker}
2023-05-10 17:31:06,034 - INFO - Retrieved historical data for {config.selected_ticker}
2023-05-10 17:31:06,036 - INFO - Filtered data for {config.selected_ticker}
2023-05-10 17:31:06,059 - INFO - Performing data analysis
2023-05-10 17:31:06,069 - INFO - Collecting news articles from online resources...
2023-05-10 17:31:06,786 - INFO - Performing sentiment analysis
2023-05-10 17:31:06,786 - ERROR - Error getting news sentiment score: argument of type 'NoneType' is not iterable
2023-05-10 17:31:06,786 - INFO - News sentiment score for SHIB-USD is 0
2023-05-10 17:31:06,786 - INFO - Visualizing data
2023-05-10 17:31:09,476 - INFO - Splitting the crypto data into features (X) and target (y)
2023-05-10 17:33:00,761 - INFO - Mean squared error on test set: 9.643919055207482e-10
2023-05-10 17:33:00,795 - ERROR - An error occurred: name 'price' is not defined
Traceback (most recent call last):
  File "c:\Users\User\Documents\GitHub\CryptoSnake\CryptoSnake\main.py", line 166, in main
    print(type(price))
NameError: name 'price' is not defined
2023-05-10 17:33:39,243 - INFO - Program started
2023-05-10 17:33:47,636 - INFO - Selected ticker: SHIB-USD
2023-05-10 17:33:47,637 - INFO - Selected ticker image URL: selected_ticker_image.png
2023-05-10 17:33:47,638 - INFO - Collecting crypto data from online resources...
2023-05-10 17:33:47,639 - INFO - Retrieving historical data for SHIB-USD
2023-05-10 17:33:47,639 - INFO - Retrieved data for {config.selected_ticker}
2023-05-10 17:33:47,826 - INFO - Retrieved historical data for {config.selected_ticker}
2023-05-10 17:33:47,829 - INFO - Filtered data for {config.selected_ticker}
2023-05-10 17:33:47,866 - INFO - Performing data analysis
2023-05-10 17:33:47,876 - INFO - Collecting news articles from online resources...
2023-05-10 17:33:48,585 - INFO - Performing sentiment analysis
2023-05-10 17:33:48,585 - ERROR - Error getting news sentiment score: argument of type 'NoneType' is not iterable
2023-05-10 17:33:48,586 - INFO - News sentiment score for SHIB-USD is 0
2023-05-10 17:33:48,586 - INFO - Visualizing data
2023-05-10 17:33:51,080 - INFO - Splitting the crypto data into features (X) and target (y)
2023-05-10 17:34:51,152 - INFO - Mean squared error on test set: 9.156627948603344e-10
2023-05-10 17:34:51,194 - ERROR - An error occurred: name 'df' is not defined
Traceback (most recent call last):
  File "C:\Users\User\Documents\GitHub\CryptoSnake\CryptoSnake\main.py", line 167, in main
    print(type(df.Price))
NameError: name 'df' is not defined
2023-05-10 17:35:48,886 - INFO - Program started
2023-05-10 17:35:52,752 - INFO - Selected ticker: SHIB-USD
2023-05-10 17:35:52,752 - INFO - Selected ticker image URL: selected_ticker_image.png
2023-05-10 17:35:52,754 - INFO - Collecting crypto data from online resources...
2023-05-10 17:35:52,755 - INFO - Retrieving historical data for SHIB-USD
2023-05-10 17:35:52,755 - INFO - Retrieved data for {config.selected_ticker}
2023-05-10 17:35:52,985 - INFO - Retrieved historical data for {config.selected_ticker}
2023-05-10 17:35:52,988 - INFO - Filtered data for {config.selected_ticker}
2023-05-10 17:35:53,014 - INFO - Performing data analysis
2023-05-10 17:35:53,023 - INFO - Collecting news articles from online resources...
2023-05-10 17:35:53,777 - INFO - Performing sentiment analysis
2023-05-10 17:35:53,778 - ERROR - Error getting news sentiment score: argument of type 'NoneType' is not iterable
2023-05-10 17:35:53,778 - INFO - News sentiment score for SHIB-USD is 0
2023-05-10 17:35:53,778 - INFO - Visualizing data
2023-05-10 17:35:56,369 - INFO - Splitting the crypto data into features (X) and target (y)
2023-05-10 17:36:54,939 - INFO - Mean squared error on test set: 1.6464691444968685e-10
2023-05-10 17:36:54,975 - ERROR - An error occurred: name 'df' is not defined
Traceback (most recent call last):
  File "C:\Users\User\Documents\GitHub\CryptoSnake\CryptoSnake\main.py", line 167, in main
    print(type(df.Price))
NameError: name 'df' is not defined
2023-05-10 17:43:20,432 - INFO - Program started
2023-05-10 17:43:40,141 - INFO - Selected ticker: SHIB-USD
2023-05-10 17:43:40,141 - INFO - Selected ticker image URL: selected_ticker_image.png
2023-05-10 17:43:40,142 - INFO - Collecting crypto data from online resources...
2023-05-10 17:43:40,143 - INFO - Retrieving historical data for SHIB-USD
2023-05-10 17:43:40,143 - INFO - Retrieved data for {config.selected_ticker}
2023-05-10 17:43:40,328 - INFO - Retrieved historical data for {config.selected_ticker}
2023-05-10 17:43:40,331 - INFO - Filtered data for {config.selected_ticker}
2023-05-10 17:43:40,357 - INFO - Performing data analysis
2023-05-10 17:43:40,364 - INFO - Collecting news articles from online resources...
2023-05-10 17:43:41,239 - INFO - Performing sentiment analysis
2023-05-10 17:43:41,239 - ERROR - Error getting news sentiment score: argument of type 'NoneType' is not iterable
2023-05-10 17:43:41,239 - INFO - News sentiment score for SHIB-USD is 0
2023-05-10 17:43:41,239 - INFO - Visualizing data
2023-05-10 17:43:44,196 - INFO - Splitting the crypto data into features (X) and target (y)
2023-05-10 17:46:30,440 - INFO - Mean squared error on test set: 3.5226965884258118e-09
2023-05-10 17:46:30,486 - ERROR - An error occurred: name 'Price' is not defined
Traceback (most recent call last):
  File "C:\Users\User\Documents\GitHub\CryptoSnake\CryptoSnake\main.py", line 167, in main
    print(type(Price))
NameError: name 'Price' is not defined
2023-05-10 17:48:33,025 - INFO - Program started
2023-05-10 17:48:38,514 - INFO - Selected ticker: ADA-USD
2023-05-10 17:48:38,515 - INFO - Selected ticker image URL: selected_ticker_image.png
2023-05-10 17:48:38,516 - INFO - Collecting crypto data from online resources...
2023-05-10 17:48:38,517 - INFO - Retrieving historical data for ADA-USD
2023-05-10 17:48:38,517 - INFO - Retrieved data for {config.selected_ticker}
2023-05-10 17:48:38,782 - INFO - Retrieved historical data for {config.selected_ticker}
2023-05-10 17:48:38,784 - INFO - Filtered data for {config.selected_ticker}
2023-05-10 17:48:38,812 - INFO - Performing data analysis
2023-05-10 17:48:38,822 - INFO - Collecting news articles from online resources...
2023-05-10 17:48:39,538 - INFO - Performing sentiment analysis
2023-05-10 17:48:39,718 - ERROR - Error getting sentiment score: The `text` argument passed to `__init__(text)` must be a string, not <class 'NoneType'>
2023-05-10 17:48:39,719 - INFO - News sentiment score for ADA-USD is 0.0
2023-05-10 17:48:39,719 - INFO - Visualizing data
2023-05-10 17:48:43,770 - INFO - Splitting the crypto data into features (X) and target (y)
2023-05-10 17:50:53,649 - INFO - Mean squared error on test set: 0.45336614276213943
2023-05-10 17:50:54,374 - ERROR - An error occurred: Renderer must be specified as a string
Traceback (most recent call last):
  File "C:\Users\User\Documents\GitHub\CryptoSnake\CryptoSnake\main.py", line 164, in main
    fig.show(predicted_trace)
  File "c:\Users\User\Documents\GitHub\CryptoSnake\CryptoSnake\.venv\lib\site-packages\plotly\basedatatypes.py", line 3390, in show
    return pio.show(self, *args, **kwargs)
  File "c:\Users\User\Documents\GitHub\CryptoSnake\CryptoSnake\.venv\lib\site-packages\plotly\io\_renderers.py", line 388, in show
    bundle = renderers._build_mime_bundle(fig_dict, renderers_string=renderer, **kwargs)
  File "c:\Users\User\Documents\GitHub\CryptoSnake\CryptoSnake\.venv\lib\site-packages\plotly\io\_renderers.py", line 276, in _build_mime_bundle
    renderer_names = self._validate_coerce_renderers(renderers_string)
  File "c:\Users\User\Documents\GitHub\CryptoSnake\CryptoSnake\.venv\lib\site-packages\plotly\io\_renderers.py", line 214, in _validate_coerce_renderers
    raise ValueError("Renderer must be specified as a string")
ValueError: Renderer must be specified as a string
2023-05-10 17:53:59,693 - INFO - Program started
2023-05-10 17:54:02,227 - INFO - Selected ticker: SHIB-USD
2023-05-10 17:54:02,227 - INFO - Selected ticker image URL: selected_ticker_image.png
2023-05-10 17:54:02,228 - INFO - Collecting crypto data from online resources...
2023-05-10 17:54:02,229 - INFO - Retrieving historical data for SHIB-USD
2023-05-10 17:54:02,230 - INFO - Retrieved data for {config.selected_ticker}
2023-05-10 17:54:02,841 - INFO - Retrieved historical data for {config.selected_ticker}
2023-05-10 17:54:02,843 - INFO - Filtered data for {config.selected_ticker}
2023-05-10 17:54:02,867 - INFO - Performing data analysis
2023-05-10 17:54:02,876 - INFO - Collecting news articles from online resources...
2023-05-10 17:54:03,586 - INFO - Performing sentiment analysis
2023-05-10 17:54:03,586 - ERROR - Error getting news sentiment score: argument of type 'NoneType' is not iterable
2023-05-10 17:54:03,587 - INFO - News sentiment score for SHIB-USD is 0
2023-05-10 17:54:03,587 - INFO - Visualizing data
2023-05-10 17:54:06,086 - INFO - Splitting the crypto data into features (X) and target (y)
2023-05-10 17:54:41,382 - INFO - Mean squared error on test set: 1.1624660518875854e-09
2023-05-10 17:54:41,644 - ERROR - An error occurred: Renderer must be specified as a string
Traceback (most recent call last):
  File "C:\Users\User\Documents\GitHub\CryptoSnake\CryptoSnake\main.py", line 164, in main
    fig.show(predicted_trace)
  File "c:\Users\User\Documents\GitHub\CryptoSnake\CryptoSnake\.venv\lib\site-packages\plotly\basedatatypes.py", line 3390, in show
    return pio.show(self, *args, **kwargs)
  File "c:\Users\User\Documents\GitHub\CryptoSnake\CryptoSnake\.venv\lib\site-packages\plotly\io\_renderers.py", line 388, in show
    bundle = renderers._build_mime_bundle(fig_dict, renderers_string=renderer, **kwargs)
  File "c:\Users\User\Documents\GitHub\CryptoSnake\CryptoSnake\.venv\lib\site-packages\plotly\io\_renderers.py", line 276, in _build_mime_bundle
    renderer_names = self._validate_coerce_renderers(renderers_string)
  File "c:\Users\User\Documents\GitHub\CryptoSnake\CryptoSnake\.venv\lib\site-packages\plotly\io\_renderers.py", line 214, in _validate_coerce_renderers
    raise ValueError("Renderer must be specified as a string")
ValueError: Renderer must be specified as a string
2023-05-10 17:55:20,896 - INFO - Program started
2023-05-10 17:55:23,916 - INFO - Selected ticker: SHIB-USD
2023-05-10 17:55:23,916 - INFO - Selected ticker image URL: selected_ticker_image.png
2023-05-10 17:55:23,918 - INFO - Collecting crypto data from online resources...
2023-05-10 17:55:23,918 - INFO - Retrieving historical data for SHIB-USD
2023-05-10 17:55:23,919 - INFO - Retrieved data for {config.selected_ticker}
2023-05-10 17:55:24,129 - INFO - Retrieved historical data for {config.selected_ticker}
2023-05-10 17:55:24,131 - INFO - Filtered data for {config.selected_ticker}
2023-05-10 17:55:24,155 - INFO - Performing data analysis
2023-05-10 17:55:24,162 - INFO - Collecting news articles from online resources...
2023-05-10 17:55:24,869 - INFO - Performing sentiment analysis
2023-05-10 17:55:24,869 - ERROR - Error getting news sentiment score: argument of type 'NoneType' is not iterable
2023-05-10 17:55:24,870 - INFO - News sentiment score for SHIB-USD is 0
2023-05-10 17:55:24,870 - INFO - Visualizing data
2023-05-10 17:55:27,479 - INFO - Splitting the crypto data into features (X) and target (y)
2023-05-10 17:56:03,234 - INFO - Mean squared error on test set: 1.0890624921647071e-08
2023-05-10 17:56:03,929 - INFO - Applying risk management strategies
2023-05-10 17:56:03,929 - ERROR - An error occurred: unsupported operand type(s) for /: 'str' and 'int'
Traceback (most recent call last):
  File "C:\Users\User\Documents\GitHub\CryptoSnake\CryptoSnake\main.py", line 172, in main
    stop_loss_order(crypto_data, config.stop_loss_threshold)
  File "C:\Users\User\Documents\GitHub\CryptoSnake\CryptoSnake\risk_management\stop_loss.py", line 8, in stop_loss_order
    stop_loss_price = price * (1 - stop_loss_percent / 100)
TypeError: unsupported operand type(s) for /: 'str' and 'int'
2023-05-10 17:56:49,433 - INFO - Program started
2023-05-10 17:57:03,293 - INFO - Selected ticker: SHIB-USD
2023-05-10 17:57:03,293 - INFO - Selected ticker image URL: selected_ticker_image.png
2023-05-10 17:57:03,294 - INFO - Collecting crypto data from online resources...
2023-05-10 17:57:03,295 - INFO - Retrieving historical data for SHIB-USD
2023-05-10 17:57:03,296 - INFO - Retrieved data for {config.selected_ticker}
2023-05-10 17:57:03,513 - INFO - Retrieved historical data for {config.selected_ticker}
2023-05-10 17:57:03,515 - INFO - Filtered data for {config.selected_ticker}
2023-05-10 17:57:03,543 - INFO - Performing data analysis
2023-05-10 17:57:03,551 - INFO - Collecting news articles from online resources...
2023-05-10 17:57:04,298 - INFO - Performing sentiment analysis
2023-05-10 17:57:04,299 - ERROR - Error getting news sentiment score: argument of type 'NoneType' is not iterable
2023-05-10 17:57:04,299 - INFO - News sentiment score for SHIB-USD is 0
2023-05-10 17:57:04,299 - INFO - Visualizing data
2023-05-10 17:57:07,062 - INFO - Splitting the crypto data into features (X) and target (y)
2023-05-10 17:57:44,073 - INFO - Mean squared error on test set: 6.074017507119255e-10
2023-05-10 17:57:44,863 - INFO - Applying risk management strategies
2023-05-10 17:57:44,864 - ERROR - An error occurred: unsupported operand type(s) for /: 'str' and 'int'
Traceback (most recent call last):
  File "C:\Users\User\Documents\GitHub\CryptoSnake\CryptoSnake\main.py", line 172, in main
    stop_loss_order(crypto_data, config.stop_loss_threshold)
  File "C:\Users\User\Documents\GitHub\CryptoSnake\CryptoSnake\risk_management\stop_loss.py", line 8, in stop_loss_order
    stop_loss_price = price * (1 - stop_loss_percent / 100)
TypeError: unsupported operand type(s) for /: 'str' and 'int'
2023-05-10 18:01:46,201 - INFO - Program started
2023-05-10 18:01:57,589 - INFO - Selected ticker: SHIB-USD
2023-05-10 18:01:57,589 - INFO - Selected ticker image URL: selected_ticker_image.png
2023-05-10 18:01:57,590 - INFO - Collecting crypto data from online resources...
2023-05-10 18:01:57,590 - INFO - Retrieving historical data for SHIB-USD
2023-05-10 18:01:57,591 - INFO - Retrieved data for {config.selected_ticker}
2023-05-10 18:01:57,819 - INFO - Retrieved historical data for {config.selected_ticker}
2023-05-10 18:01:57,821 - INFO - Filtered data for {config.selected_ticker}
2023-05-10 18:01:57,845 - INFO - Performing data analysis
2023-05-10 18:01:57,851 - INFO - Collecting news articles from online resources...
2023-05-10 18:01:58,634 - INFO - Performing sentiment analysis
2023-05-10 18:01:58,634 - ERROR - Error getting news sentiment score: argument of type 'NoneType' is not iterable
2023-05-10 18:01:58,635 - INFO - News sentiment score for SHIB-USD is 0
2023-05-10 18:01:58,635 - INFO - Visualizing data
2023-05-10 18:02:01,442 - INFO - Splitting the crypto data into features (X) and target (y)
2023-05-10 18:02:36,197 - INFO - Mean squared error on test set: 1.2117206826461197e-09
2023-05-10 18:02:36,992 - INFO - Applying risk management strategies
2023-05-10 18:02:36,993 - ERROR - An error occurred: unsupported operand type(s) for /: 'str' and 'int'
Traceback (most recent call last):
  File "C:\Users\User\Documents\GitHub\CryptoSnake\CryptoSnake\main.py", line 172, in main
    stop_loss_order(crypto_data, config.stop_loss_threshold)
  File "C:\Users\User\Documents\GitHub\CryptoSnake\CryptoSnake\risk_management\stop_loss.py", line 8, in stop_loss_order
    stop_loss_price = Close * (1 - stop_loss_percent / 100)
TypeError: unsupported operand type(s) for /: 'str' and 'int'
2023-05-10 18:06:30,049 - INFO - Program started
2023-05-10 18:06:31,917 - INFO - Selected ticker: SHIB-USD
2023-05-10 18:06:31,917 - INFO - Selected ticker image URL: selected_ticker_image.png
2023-05-10 18:06:31,919 - INFO - Collecting crypto data from online resources...
2023-05-10 18:06:31,919 - INFO - Retrieving historical data for SHIB-USD
2023-05-10 18:06:31,921 - INFO - Retrieved data for {config.selected_ticker}
2023-05-10 18:06:32,218 - INFO - Retrieved historical data for {config.selected_ticker}
2023-05-10 18:06:32,221 - INFO - Filtered data for {config.selected_ticker}
2023-05-10 18:06:32,246 - INFO - Performing data analysis
2023-05-10 18:06:32,254 - INFO - Collecting news articles from online resources...
2023-05-10 18:06:33,260 - INFO - Performing sentiment analysis
2023-05-10 18:06:33,261 - ERROR - Error getting news sentiment score: argument of type 'NoneType' is not iterable
2023-05-10 18:06:33,261 - INFO - News sentiment score for SHIB-USD is 0
2023-05-10 18:06:33,261 - INFO - Visualizing data
2023-05-10 18:06:35,858 - INFO - Splitting the crypto data into features (X) and target (y)
2023-05-10 18:07:09,864 - INFO - Mean squared error on test set: 9.395863761579324e-10
2023-05-10 18:07:10,552 - INFO - Applying risk management strategies
2023-05-10 18:07:10,554 - ERROR - An error occurred: float() argument must be a string or a real number, not 'DataFrame'
Traceback (most recent call last):
  File "C:\Users\User\Documents\GitHub\CryptoSnake\CryptoSnake\main.py", line 172, in main
    stop_loss_order(crypto_data, config.stop_loss_threshold)
  File "C:\Users\User\Documents\GitHub\CryptoSnake\CryptoSnake\risk_management\stop_loss.py", line 8, in stop_loss_order
    stop_loss_price = float(Close) * (1 - stop_loss_percent / 100)
TypeError: float() argument must be a string or a real number, not 'DataFrame'
2023-05-10 19:08:32,677 - INFO - Program started
2023-05-10 19:08:36,982 - INFO - Selected ticker: SHIB-USD
2023-05-10 19:08:36,982 - INFO - Selected ticker image URL: selected_ticker_image.png
2023-05-10 19:08:36,984 - INFO - Collecting crypto data from online resources...
2023-05-10 19:08:36,984 - INFO - Retrieving historical data for SHIB-USD
2023-05-10 19:08:36,985 - INFO - Retrieved data for {config.selected_ticker}
2023-05-10 19:08:37,222 - INFO - Retrieved historical data for {config.selected_ticker}
2023-05-10 19:08:37,225 - INFO - Filtered data for {config.selected_ticker}
2023-05-10 19:08:37,254 - INFO - Performing data analysis
2023-05-10 19:08:37,262 - INFO - Collecting news articles from online resources...
2023-05-10 19:08:38,107 - INFO - Performing sentiment analysis
2023-05-10 19:08:38,107 - ERROR - Error getting news sentiment score: argument of type 'NoneType' is not iterable
2023-05-10 19:08:38,108 - INFO - News sentiment score for SHIB-USD is 0
2023-05-10 19:08:38,108 - INFO - Visualizing data
2023-05-10 19:08:40,488 - INFO - Splitting the crypto data into features (X) and target (y)
2023-05-10 19:09:12,290 - INFO - Mean squared error on test set: 7.937204202211365e-10
2023-05-10 19:09:12,946 - INFO - Applying risk management strategies
2023-05-10 19:09:12,946 - ERROR - An error occurred: float() argument must be a string or a real number, not 'DataFrame'
Traceback (most recent call last):
  File "C:\Users\User\Documents\GitHub\CryptoSnake\CryptoSnake\main.py", line 172, in main
    stop_loss_order(crypto_data, config.stop_loss_threshold)
  File "C:\Users\User\Documents\GitHub\CryptoSnake\CryptoSnake\risk_management\stop_loss.py", line 8, in stop_loss_order
    stop_loss_price = float(Close) * (1 - stop_loss_percent / 100)
TypeError: float() argument must be a string or a real number, not 'DataFrame'
2023-05-10 19:11:08,192 - INFO - Program started
2023-05-10 19:11:10,638 - INFO - Selected ticker: SHIB-USD
2023-05-10 19:11:10,638 - INFO - Selected ticker image URL: selected_ticker_image.png
2023-05-10 19:11:10,641 - INFO - Collecting crypto data from online resources...
2023-05-10 19:11:10,641 - INFO - Retrieving historical data for SHIB-USD
2023-05-10 19:11:10,642 - INFO - Retrieved data for {config.selected_ticker}
2023-05-10 19:11:10,857 - INFO - Retrieved historical data for {config.selected_ticker}
2023-05-10 19:11:10,860 - INFO - Filtered data for {config.selected_ticker}
2023-05-10 19:11:10,885 - INFO - Performing data analysis
2023-05-10 19:11:10,895 - INFO - Collecting news articles from online resources...
2023-05-10 19:11:11,637 - INFO - Performing sentiment analysis
2023-05-10 19:11:11,637 - ERROR - Error getting news sentiment score: argument of type 'NoneType' is not iterable
2023-05-10 19:11:11,637 - INFO - News sentiment score for SHIB-USD is 0
2023-05-10 19:11:11,638 - INFO - Visualizing data
2023-05-10 19:11:14,024 - INFO - Splitting the crypto data into features (X) and target (y)
2023-05-10 19:11:47,627 - INFO - Mean squared error on test set: 2.515880263706961e-09
2023-05-10 19:11:47,644 - INFO - Applying risk management strategies
2023-05-10 19:11:47,644 - ERROR - An error occurred: float() argument must be a string or a real number, not 'DataFrame'
Traceback (most recent call last):
  File "C:\Users\User\Documents\GitHub\CryptoSnake\CryptoSnake\main.py", line 172, in main
    stop_loss_order(crypto_data, config.stop_loss_threshold)
  File "C:\Users\User\Documents\GitHub\CryptoSnake\CryptoSnake\risk_management\stop_loss.py", line 8, in stop_loss_order
    stop_loss_price = float(Close) * (1 - stop_loss_percent / 100)
TypeError: float() argument must be a string or a real number, not 'DataFrame'
2023-05-10 19:19:03,523 - INFO - Program started
2023-05-10 19:19:05,579 - INFO - Selected ticker: SHIB-USD
2023-05-10 19:19:05,579 - INFO - Selected ticker image URL: selected_ticker_image.png
2023-05-10 19:19:05,581 - INFO - Collecting crypto data from online resources...
2023-05-10 19:19:05,582 - INFO - Retrieving historical data for SHIB-USD
2023-05-10 19:19:05,582 - INFO - Retrieved data for {config.selected_ticker}
2023-05-10 19:19:05,849 - INFO - Retrieved historical data for {config.selected_ticker}
2023-05-10 19:19:05,851 - INFO - Filtered data for {config.selected_ticker}
2023-05-10 19:19:05,875 - INFO - Performing data analysis
2023-05-10 19:19:05,883 - INFO - Collecting news articles from online resources...
2023-05-10 19:19:06,665 - INFO - Performing sentiment analysis
2023-05-10 19:19:06,665 - ERROR - Error getting news sentiment score: argument of type 'NoneType' is not iterable
2023-05-10 19:19:06,666 - INFO - News sentiment score for SHIB-USD is 0
2023-05-10 19:19:06,666 - INFO - Visualizing data
2023-05-10 19:19:09,218 - INFO - Splitting the crypto data into features (X) and target (y)
2023-05-10 19:19:44,656 - INFO - Mean squared error on test set: 1.4418496749396093e-08
2023-05-10 19:19:44,680 - INFO - Applying risk management strategies
2023-05-10 19:19:44,680 - ERROR - An error occurred: stop_loss_order() takes 2 positional arguments but 3 were given
Traceback (most recent call last):
  File "C:\Users\User\Documents\GitHub\CryptoSnake\CryptoSnake\main.py", line 174, in main
    stop_loss_order(crypto_data, config.stop_loss_threshold, last_close_price)
TypeError: stop_loss_order() takes 2 positional arguments but 3 were given
2023-05-10 19:20:32,561 - INFO - Program started
2023-05-10 19:20:54,474 - INFO - Program started
2023-05-10 19:20:57,683 - INFO - Selected ticker: EGLD-USD
2023-05-10 19:20:57,683 - INFO - Selected ticker image URL: selected_ticker_image.png
2023-05-10 19:20:57,684 - INFO - Collecting crypto data from online resources...
2023-05-10 19:20:57,685 - INFO - Retrieving historical data for EGLD-USD
2023-05-10 19:20:57,686 - INFO - Retrieved data for {config.selected_ticker}
2023-05-10 19:20:57,934 - INFO - Retrieved historical data for {config.selected_ticker}
2023-05-10 19:20:57,935 - INFO - Filtered data for {config.selected_ticker}
2023-05-10 19:20:57,963 - INFO - Performing data analysis
2023-05-10 19:20:57,969 - INFO - Collecting news articles from online resources...
2023-05-10 19:20:58,554 - INFO - Performing sentiment analysis
2023-05-10 19:20:58,730 - INFO - News sentiment score for EGLD-USD is -0.030357142857142853
2023-05-10 19:20:58,730 - INFO - Visualizing data
2023-05-10 19:21:01,418 - INFO - Splitting the crypto data into features (X) and target (y)
2023-05-10 19:21:47,357 - INFO - Mean squared error on test set: 7354.447416982276
2023-05-10 19:21:47,379 - INFO - Applying risk management strategies
2023-05-10 19:21:47,379 - ERROR - An error occurred: 'int' object has no attribute 'iloc'
Traceback (most recent call last):
  File "C:\Users\User\Documents\GitHub\CryptoSnake\CryptoSnake\main.py", line 174, in main
    stop_loss_order(config.stop_loss_threshold, last_close_price)
  File "C:\Users\User\Documents\GitHub\CryptoSnake\CryptoSnake\risk_management\stop_loss.py", line 8, in stop_loss_order
    last_close_price = crypto_data.iloc[-1]['Close']
AttributeError: 'int' object has no attribute 'iloc'
2023-05-10 19:24:16,915 - INFO - Program started
2023-05-10 19:24:56,310 - INFO - Program started
2023-05-10 19:25:01,131 - INFO - Selected ticker: SHIB-USD
2023-05-10 19:25:01,131 - INFO - Selected ticker image URL: selected_ticker_image.png
2023-05-10 19:25:01,133 - INFO - Collecting crypto data from online resources...
2023-05-10 19:25:01,133 - INFO - Retrieving historical data for SHIB-USD
2023-05-10 19:25:01,134 - INFO - Retrieved data for {config.selected_ticker}
2023-05-10 19:25:01,347 - INFO - Retrieved historical data for {config.selected_ticker}
2023-05-10 19:25:01,350 - INFO - Filtered data for {config.selected_ticker}
2023-05-10 19:25:01,374 - INFO - Performing data analysis
2023-05-10 19:25:01,380 - INFO - Collecting news articles from online resources...
2023-05-10 19:25:02,140 - INFO - Performing sentiment analysis
2023-05-10 19:25:02,140 - ERROR - Error getting news sentiment score: argument of type 'NoneType' is not iterable
2023-05-10 19:25:02,141 - INFO - News sentiment score for SHIB-USD is 0
2023-05-10 19:25:02,141 - INFO - Visualizing data
2023-05-10 19:25:04,700 - INFO - Splitting the crypto data into features (X) and target (y)
2023-05-10 19:25:41,635 - INFO - Mean squared error on test set: 5.3017461930022764e-09
2023-05-10 19:25:41,656 - INFO - Applying risk management strategies
2023-05-10 19:25:41,657 - ERROR - An error occurred: name 'limit_percent' is not defined
Traceback (most recent call last):
  File "C:\Users\User\Documents\GitHub\CryptoSnake\CryptoSnake\main.py", line 175, in main
    stop_limit_order(crypto_data, config.stop_limit_threshold, last_close_price)
  File "C:\Users\User\Documents\GitHub\CryptoSnake\CryptoSnake\risk_management\stop_limit.py", line 9, in stop_limit_order
    limit_price = last_close_price * (1 + limit_percent / 100)
NameError: name 'limit_percent' is not defined
2023-05-10 19:29:27,634 - INFO - Program started
2023-05-10 19:29:30,098 - INFO - Selected ticker: SHIB-USD
2023-05-10 19:29:30,098 - INFO - Selected ticker image URL: selected_ticker_image.png
2023-05-10 19:29:30,101 - INFO - Collecting crypto data from online resources...
2023-05-10 19:29:30,102 - INFO - Retrieving historical data for SHIB-USD
2023-05-10 19:29:30,103 - INFO - Retrieved data for {config.selected_ticker}
2023-05-10 19:29:30,337 - INFO - Retrieved historical data for {config.selected_ticker}
2023-05-10 19:29:30,343 - INFO - Filtered data for {config.selected_ticker}
2023-05-10 19:29:30,370 - INFO - Performing data analysis
2023-05-10 19:29:30,378 - INFO - Collecting news articles from online resources...
2023-05-10 19:29:31,112 - INFO - Performing sentiment analysis
2023-05-10 19:29:31,112 - ERROR - Error getting news sentiment score: argument of type 'NoneType' is not iterable
2023-05-10 19:29:31,113 - INFO - News sentiment score for SHIB-USD is 0
2023-05-10 19:29:31,113 - INFO - Visualizing data
2023-05-10 19:29:33,702 - INFO - Splitting the crypto data into features (X) and target (y)
2023-05-10 19:30:09,958 - INFO - Mean squared error on test set: 6.9143196384869545e-09
2023-05-10 19:30:09,992 - INFO - Applying risk management strategies
2023-05-10 19:30:09,993 - ERROR - An error occurred: stop_limit_order() got an unexpected keyword argument 'limit_percent'
Traceback (most recent call last):
  File "C:\Users\User\Documents\GitHub\CryptoSnake\CryptoSnake\main.py", line 175, in main
    stop_limit_order(crypto_data, config.stop_limit_threshold, last_close_price, limit_percent = 2)
TypeError: stop_limit_order() got an unexpected keyword argument 'limit_percent'
2023-05-10 19:31:29,505 - INFO - Program started
2023-05-10 19:31:31,190 - INFO - Selected ticker: SHIB-USD
2023-05-10 19:31:31,191 - INFO - Selected ticker image URL: selected_ticker_image.png
2023-05-10 19:31:31,193 - INFO - Collecting crypto data from online resources...
2023-05-10 19:31:31,193 - INFO - Retrieving historical data for SHIB-USD
2023-05-10 19:31:31,195 - INFO - Retrieved data for {config.selected_ticker}
2023-05-10 19:31:31,390 - INFO - Retrieved historical data for {config.selected_ticker}
2023-05-10 19:31:31,392 - INFO - Filtered data for {config.selected_ticker}
2023-05-10 19:31:31,416 - INFO - Performing data analysis
2023-05-10 19:31:31,422 - INFO - Collecting news articles from online resources...
2023-05-10 19:31:32,187 - INFO - Performing sentiment analysis
2023-05-10 19:31:32,187 - ERROR - Error getting news sentiment score: argument of type 'NoneType' is not iterable
2023-05-10 19:31:32,187 - INFO - News sentiment score for SHIB-USD is 0
2023-05-10 19:31:32,187 - INFO - Visualizing data
2023-05-10 19:31:34,737 - INFO - Splitting the crypto data into features (X) and target (y)
2023-05-10 19:32:10,941 - INFO - Mean squared error on test set: 1.4043527334185354e-08
2023-05-10 19:32:11,653 - INFO - Applying risk management strategies
2023-05-10 19:32:11,654 - ERROR - An error occurred: stop_limit_order() got an unexpected keyword argument 'limit_percent'
Traceback (most recent call last):
  File "C:\Users\User\Documents\GitHub\CryptoSnake\CryptoSnake\main.py", line 176, in main
    stop_limit_order(config.stop_limit_threshold, last_close_price, limit_percent = 2)
TypeError: stop_limit_order() got an unexpected keyword argument 'limit_percent'
2023-05-10 19:33:08,047 - INFO - Program started
2023-05-10 19:33:09,626 - INFO - Selected ticker: SHIB-USD
2023-05-10 19:33:09,626 - INFO - Selected ticker image URL: selected_ticker_image.png
2023-05-10 19:33:09,627 - INFO - Collecting crypto data from online resources...
2023-05-10 19:33:09,628 - INFO - Retrieving historical data for SHIB-USD
2023-05-10 19:33:09,628 - INFO - Retrieved data for {config.selected_ticker}
2023-05-10 19:33:09,820 - INFO - Retrieved historical data for {config.selected_ticker}
2023-05-10 19:33:09,823 - INFO - Filtered data for {config.selected_ticker}
2023-05-10 19:33:09,867 - INFO - Performing data analysis
2023-05-10 19:33:09,890 - INFO - Collecting news articles from online resources...
2023-05-10 19:33:10,638 - INFO - Performing sentiment analysis
2023-05-10 19:33:10,638 - ERROR - Error getting news sentiment score: argument of type 'NoneType' is not iterable
2023-05-10 19:33:10,638 - INFO - News sentiment score for SHIB-USD is 0
2023-05-10 19:33:10,638 - INFO - Visualizing data
2023-05-10 19:33:13,003 - INFO - Splitting the crypto data into features (X) and target (y)
2023-05-10 19:33:47,407 - INFO - Mean squared error on test set: 3.8236663253262086e-09
2023-05-10 19:33:48,138 - INFO - Applying risk management strategies
2023-05-10 19:33:48,143 - ERROR - An error occurred: stop_limit_order() got an unexpected keyword argument 'limit_percent'
Traceback (most recent call last):
  File "C:\Users\User\Documents\GitHub\CryptoSnake\CryptoSnake\main.py", line 177, in main
    stop_limit_order(config.stop_limit_threshold, last_close_price, limit_percent = 2)
TypeError: stop_limit_order() got an unexpected keyword argument 'limit_percent'
2023-05-10 19:34:45,776 - INFO - Program started
2023-05-10 19:34:48,383 - INFO - Selected ticker: SHIB-USD
2023-05-10 19:34:48,383 - INFO - Selected ticker image URL: selected_ticker_image.png
2023-05-10 19:34:48,385 - INFO - Collecting crypto data from online resources...
2023-05-10 19:34:48,386 - INFO - Retrieving historical data for SHIB-USD
2023-05-10 19:34:48,387 - INFO - Retrieved data for {config.selected_ticker}
2023-05-10 19:34:48,618 - INFO - Retrieved historical data for {config.selected_ticker}
2023-05-10 19:34:48,622 - INFO - Filtered data for {config.selected_ticker}
2023-05-10 19:34:48,646 - INFO - Performing data analysis
2023-05-10 19:34:48,654 - INFO - Collecting news articles from online resources...
2023-05-10 19:34:49,380 - INFO - Performing sentiment analysis
2023-05-10 19:34:49,381 - ERROR - Error getting news sentiment score: argument of type 'NoneType' is not iterable
2023-05-10 19:34:49,381 - INFO - News sentiment score for SHIB-USD is 0
2023-05-10 19:34:49,381 - INFO - Visualizing data
2023-05-10 19:34:52,067 - INFO - Splitting the crypto data into features (X) and target (y)
2023-05-10 19:40:05,817 - INFO - Mean squared error on test set: 1.7482627394791584e-10
2023-05-10 19:40:06,645 - INFO - Applying risk management strategies
2023-05-10 19:40:06,647 - ERROR - An error occurred: stop_limit_order() got an unexpected keyword argument 'limit_percent'
Traceback (most recent call last):
  File "C:\Users\User\Documents\GitHub\CryptoSnake\CryptoSnake\main.py", line 177, in main
    stop_limit_order(config.stop_limit_threshold, last_close_price, limit_percent = 2)
TypeError: stop_limit_order() got an unexpected keyword argument 'limit_percent'
2023-05-10 19:42:56,136 - INFO - Program started
2023-05-10 19:43:00,188 - INFO - Selected ticker: SHIB-USD
2023-05-10 19:43:00,188 - INFO - Selected ticker image URL: selected_ticker_image.png
2023-05-10 19:43:00,190 - INFO - Collecting crypto data from online resources...
2023-05-10 19:43:00,190 - INFO - Retrieving historical data for SHIB-USD
2023-05-10 19:43:00,191 - INFO - Retrieved data for {config.selected_ticker}
2023-05-10 19:43:00,386 - INFO - Retrieved historical data for {config.selected_ticker}
2023-05-10 19:43:00,389 - INFO - Filtered data for {config.selected_ticker}
2023-05-10 19:43:00,413 - INFO - Performing data analysis
2023-05-10 19:43:00,420 - INFO - Collecting news articles from online resources...
2023-05-10 19:43:01,203 - INFO - Performing sentiment analysis
2023-05-10 19:43:01,204 - ERROR - Error getting news sentiment score: argument of type 'NoneType' is not iterable
2023-05-10 19:43:01,204 - INFO - News sentiment score for SHIB-USD is 0
2023-05-10 19:43:01,204 - INFO - Visualizing data
2023-05-10 19:43:03,720 - INFO - Splitting the crypto data into features (X) and target (y)
2023-05-10 19:43:34,436 - INFO - Mean squared error on test set: 1.6687022714767526e-10
2023-05-10 19:43:35,187 - INFO - Applying risk management strategies
2023-05-10 19:43:35,188 - ERROR - An error occurred: stop_limit_order() got an unexpected keyword argument 'limit_percent'
Traceback (most recent call last):
  File "C:\Users\User\Documents\GitHub\CryptoSnake\CryptoSnake\main.py", line 177, in main
    stop_limit_order(config.stop_limit_threshold, last_close_price, limit_percent = 2)
TypeError: stop_limit_order() got an unexpected keyword argument 'limit_percent'
2023-05-10 19:56:35,174 - INFO - Program started
2023-05-10 19:56:36,581 - INFO - Selected ticker: SHIB-USD
2023-05-10 19:56:36,581 - INFO - Selected ticker image URL: selected_ticker_image.png
2023-05-10 19:56:36,582 - INFO - Collecting crypto data from online resources...
2023-05-10 19:56:36,583 - INFO - Retrieving historical data for SHIB-USD
2023-05-10 19:56:36,584 - INFO - Retrieved data for {config.selected_ticker}
2023-05-10 19:56:36,760 - INFO - Retrieved historical data for {config.selected_ticker}
2023-05-10 19:56:36,762 - INFO - Filtered data for {config.selected_ticker}
2023-05-10 19:56:36,783 - INFO - Performing data analysis
2023-05-10 19:56:36,793 - INFO - Collecting news articles from online resources...
2023-05-10 19:56:37,668 - INFO - Performing sentiment analysis
2023-05-10 19:56:37,668 - ERROR - Error getting news sentiment score: argument of type 'NoneType' is not iterable
2023-05-10 19:56:37,668 - INFO - News sentiment score for SHIB-USD is 0
2023-05-10 19:56:37,669 - INFO - Visualizing data
2023-05-10 19:56:40,163 - INFO - Splitting the crypto data into features (X) and target (y)
2023-05-10 19:57:10,387 - INFO - Mean squared error on test set: 3.066530164292636e-10
2023-05-10 19:57:11,153 - INFO - Applying risk management strategies
2023-05-10 19:57:11,154 - ERROR - An error occurred: stop_limit_order() got multiple values for argument 'limit_percent'
Traceback (most recent call last):
  File "C:\Users\User\Documents\GitHub\CryptoSnake\CryptoSnake\main.py", line 175, in main
    stop_limit_order(config.stop_limit_threshold, last_close_price, limit_percent = 2)
TypeError: stop_limit_order() got multiple values for argument 'limit_percent'
2023-05-10 20:03:47,223 - INFO - Program started
2023-05-10 20:03:50,549 - INFO - Selected ticker: SHIB-USD
2023-05-10 20:03:50,549 - INFO - Selected ticker image URL: selected_ticker_image.png
2023-05-10 20:03:50,550 - INFO - Collecting crypto data from online resources...
2023-05-10 20:03:50,550 - INFO - Retrieving historical data for SHIB-USD
2023-05-10 20:03:50,551 - INFO - Retrieved data for {config.selected_ticker}
2023-05-10 20:03:50,740 - INFO - Retrieved historical data for {config.selected_ticker}
2023-05-10 20:03:50,742 - INFO - Filtered data for {config.selected_ticker}
2023-05-10 20:03:50,767 - INFO - Performing data analysis
2023-05-10 20:03:50,772 - INFO - Collecting news articles from online resources...
2023-05-10 20:03:51,584 - INFO - Performing sentiment analysis
2023-05-10 20:03:51,585 - ERROR - Error getting news sentiment score: argument of type 'NoneType' is not iterable
2023-05-10 20:03:51,585 - INFO - News sentiment score for SHIB-USD is 0
2023-05-10 20:03:51,586 - INFO - Visualizing data
2023-05-10 20:03:53,888 - INFO - Splitting the crypto data into features (X) and target (y)
2023-05-10 20:04:22,832 - INFO - Mean squared error on test set: 4.797138162559724e-10
2023-05-10 20:04:23,551 - INFO - Applying risk management strategies
2023-05-10 20:04:23,552 - ERROR - An error occurred: stop_limit_order() got multiple values for argument 'limit_percent'
Traceback (most recent call last):
  File "C:\Users\User\Documents\GitHub\CryptoSnake\CryptoSnake\main.py", line 176, in main
    stop_limit_order(config.stop_limit_threshold, last_close_price, limit_percent = 2)
TypeError: stop_limit_order() got multiple values for argument 'limit_percent'
2023-05-10 20:05:21,934 - INFO - Program started
2023-05-10 20:05:24,279 - INFO - Selected ticker: SHIB-USD
2023-05-10 20:05:24,279 - INFO - Selected ticker image URL: selected_ticker_image.png
2023-05-10 20:05:24,280 - INFO - Collecting crypto data from online resources...
2023-05-10 20:05:24,280 - INFO - Retrieving historical data for SHIB-USD
2023-05-10 20:05:24,282 - INFO - Retrieved data for {config.selected_ticker}
2023-05-10 20:05:24,491 - INFO - Retrieved historical data for {config.selected_ticker}
2023-05-10 20:05:24,493 - INFO - Filtered data for {config.selected_ticker}
2023-05-10 20:05:24,515 - INFO - Performing data analysis
2023-05-10 20:05:24,524 - INFO - Collecting news articles from online resources...
2023-05-10 20:05:25,228 - INFO - Performing sentiment analysis
2023-05-10 20:05:25,228 - ERROR - Error getting news sentiment score: argument of type 'NoneType' is not iterable
2023-05-10 20:05:25,228 - INFO - News sentiment score for SHIB-USD is 0
2023-05-10 20:05:25,228 - INFO - Visualizing data
2023-05-10 20:05:27,702 - INFO - Splitting the crypto data into features (X) and target (y)
2023-05-10 20:05:59,237 - INFO - Mean squared error on test set: 2.3432204820988686e-10
2023-05-10 20:06:00,112 - INFO - Applying risk management strategies
2023-05-10 20:06:00,114 - ERROR - An error occurred: stop_limit_order() got multiple values for argument 'limit_percent'
Traceback (most recent call last):
  File "C:\Users\User\Documents\GitHub\CryptoSnake\CryptoSnake\main.py", line 177, in main
    stop_limit_order(config.stop_limit_threshold, last_close_price, limit_percent = 2)
TypeError: stop_limit_order() got multiple values for argument 'limit_percent'
